TN:
SF:/home/prashanth/IIMB/Avyantra/GITHUB/Avyantra_Codebase/01_Web_Portal/src/polyfills.ts
FNF:0
FNH:0
LF:0
LH:0
BRF:0
BRH:0
end_of_record
TN:
SF:/home/prashanth/IIMB/Avyantra/GITHUB/Avyantra_Codebase/01_Web_Portal/src/test.ts
FNF:0
FNH:0
DA:13,1
DA:18,1
DA:20,1
LF:3
LH:3
BRF:0
BRH:0
end_of_record
TN:
SF:/home/prashanth/IIMB/Avyantra/GITHUB/Avyantra_Codebase/01_Web_Portal/src/app/app.component.ts
FN:13,AppComponent
FN:17,(anonymous_2)
FN:23,(anonymous_3)
FN:24,(anonymous_4)
FNF:4
FNH:3
FNDA:4,AppComponent
FNDA:0,(anonymous_2)
FNDA:2,(anonymous_3)
FNDA:2,(anonymous_4)
DA:10,1
DA:11,4
DA:12,4
DA:13,4
DA:14,4
DA:17,1
DA:23,2
DA:24,2
DA:26,1
DA:28,1
DA:32,1
LF:11
LH:11
BRF:0
BRH:0
end_of_record
TN:
SF:/home/prashanth/IIMB/Avyantra/GITHUB/Avyantra_Codebase/01_Web_Portal/src/app/dashboard/dashboard.component.ts
FN:31,DashboardComponent
FN:54,(anonymous_2)
FN:62,(anonymous_3)
FN:67,(anonymous_4)
FN:72,(anonymous_5)
FN:83,(anonymous_6)
FN:88,(anonymous_7)
FN:96,(anonymous_8)
FN:104,(anonymous_9)
FN:113,(anonymous_10)
FN:117,(anonymous_11)
FN:122,(anonymous_12)
FN:127,(anonymous_13)
FN:137,(anonymous_14)
FN:141,(anonymous_15)
FN:147,(anonymous_16)
FN:152,(anonymous_17)
FN:159,(anonymous_18)
FN:202,(anonymous_19)
FN:211,(anonymous_20)
FN:213,(anonymous_21)
FN:220,(anonymous_22)
FN:236,(anonymous_23)
FN:244,(anonymous_24)
FNF:24
FNH:16
FNDA:12,DashboardComponent
FNDA:12,(anonymous_2)
FNDA:12,(anonymous_3)
FNDA:12,(anonymous_4)
FNDA:1,(anonymous_5)
FNDA:0,(anonymous_6)
FNDA:0,(anonymous_7)
FNDA:0,(anonymous_8)
FNDA:0,(anonymous_9)
FNDA:1,(anonymous_10)
FNDA:1,(anonymous_11)
FNDA:0,(anonymous_12)
FNDA:1,(anonymous_13)
FNDA:1,(anonymous_14)
FNDA:1,(anonymous_15)
FNDA:1,(anonymous_16)
FNDA:1,(anonymous_17)
FNDA:3,(anonymous_18)
FNDA:2,(anonymous_19)
FNDA:0,(anonymous_20)
FNDA:0,(anonymous_21)
FNDA:0,(anonymous_22)
FNDA:1,(anonymous_23)
FNDA:1,(anonymous_24)
DA:19,1
DA:22,12
DA:26,12
DA:27,12
DA:28,12
DA:32,12
DA:33,12
DA:34,12
DA:35,12
DA:36,12
DA:37,12
DA:38,12
DA:39,12
DA:40,12
DA:44,12
DA:45,12
DA:46,12
DA:47,12
DA:50,12
DA:52,12
DA:54,12
DA:55,12
DA:56,12
DA:57,12
DA:59,12
DA:60,12
DA:61,12
DA:62,12
DA:63,12
DA:64,12
DA:67,12
DA:68,12
DA:72,1
DA:73,1
DA:74,1
DA:75,1
DA:76,1
DA:77,1
DA:78,1
DA:79,1
DA:80,1
DA:83,1
DA:84,0
DA:85,0
DA:88,1
DA:89,0
DA:91,0
DA:92,0
DA:96,1
DA:97,0
DA:98,0
DA:99,0
DA:104,1
DA:105,0
DA:106,0
DA:108,0
DA:109,0
DA:110,0
DA:113,1
DA:114,1
DA:117,1
DA:120,1
DA:122,1
DA:124,0
DA:127,1
DA:128,1
DA:129,1
DA:130,1
DA:131,1
DA:132,1
DA:133,1
DA:134,1
DA:137,1
DA:138,1
DA:141,1
DA:142,1
DA:143,1
DA:144,1
DA:147,1
DA:148,1
DA:149,1
DA:150,1
DA:151,1
DA:153,1
DA:154,1
DA:159,1
DA:160,3
DA:161,3
DA:162,3
DA:164,2
DA:165,2
DA:168,2
DA:169,2
DA:172,2
DA:173,2
DA:176,2
DA:177,2
DA:180,2
DA:181,2
DA:184,2
DA:185,2
DA:188,2
DA:189,2
DA:192,2
DA:193,2
DA:196,2
DA:197,2
DA:199,1
DA:202,1
DA:204,1
DA:207,1
DA:211,1
DA:212,0
DA:213,0
DA:215,0
DA:216,0
DA:219,0
DA:220,0
DA:222,0
DA:223,0
DA:224,0
DA:229,0
DA:230,0
DA:236,1
DA:237,1
DA:238,1
DA:239,1
DA:240,1
DA:241,1
DA:244,1
DA:245,1
DA:246,1
DA:247,1
DA:248,1
DA:249,1
DA:251,1
LF:136
LH:111
BRDA:59,0,0,12
BRDA:59,0,1,0
BRDA:99,1,0,0
BRDA:99,1,1,0
BRF:4
BRH:1
end_of_record
TN:
SF:/home/prashanth/IIMB/Avyantra/GITHUB/Avyantra_Codebase/01_Web_Portal/src/app/dashboard/antibiotic-administration/antibiotic-administration.component.ts
FN:61,AntibioticAdministrationComponent
FN:75,(anonymous_2)
FN:84,(anonymous_3)
FN:123,(anonymous_4)
FN:158,(anonymous_5)
FN:237,(anonymous_6)
FN:341,(anonymous_7)
FN:349,(anonymous_8)
FN:360,(anonymous_9)
FN:366,(anonymous_10)
FN:376,(anonymous_11)
FN:380,(anonymous_12)
FN:384,(anonymous_13)
FN:396,(anonymous_14)
FN:408,(anonymous_15)
FN:426,(anonymous_16)
FN:443,(anonymous_17)
FN:455,(anonymous_18)
FN:473,(anonymous_19)
FN:486,(anonymous_20)
FN:495,(anonymous_21)
FN:505,(anonymous_22)
FN:509,(anonymous_23)
FN:514,(anonymous_24)
FN:521,(anonymous_25)
FN:526,(anonymous_26)
FN:534,(anonymous_27)
FN:536,(anonymous_28)
FN:555,(anonymous_29)
FN:563,(anonymous_30)
FN:569,(anonymous_31)
FN:580,(anonymous_32)
FN:587,(anonymous_33)
FN:593,(anonymous_34)
FN:599,(anonymous_35)
FNF:35
FNH:27
FNDA:24,AntibioticAdministrationComponent
FNDA:2,(anonymous_2)
FNDA:26,(anonymous_3)
FNDA:26,(anonymous_4)
FNDA:1,(anonymous_5)
FNDA:9,(anonymous_6)
FNDA:1,(anonymous_7)
FNDA:1,(anonymous_8)
FNDA:1,(anonymous_9)
FNDA:1,(anonymous_10)
FNDA:1,(anonymous_11)
FNDA:1,(anonymous_12)
FNDA:2,(anonymous_13)
FNDA:2,(anonymous_14)
FNDA:2,(anonymous_15)
FNDA:0,(anonymous_16)
FNDA:1,(anonymous_17)
FNDA:3,(anonymous_18)
FNDA:2,(anonymous_19)
FNDA:0,(anonymous_20)
FNDA:0,(anonymous_21)
FNDA:0,(anonymous_22)
FNDA:0,(anonymous_23)
FNDA:1,(anonymous_24)
FNDA:2,(anonymous_25)
FNDA:1,(anonymous_26)
FNDA:24,(anonymous_27)
FNDA:0,(anonymous_28)
FNDA:1,(anonymous_29)
FNDA:0,(anonymous_30)
FNDA:0,(anonymous_31)
FNDA:1,(anonymous_32)
FNDA:1,(anonymous_33)
FNDA:2,(anonymous_34)
FNDA:1,(anonymous_35)
DA:20,1
DA:22,24
DA:26,24
DA:27,24
DA:28,24
DA:29,24
DA:30,24
DA:31,24
DA:33,24
DA:34,24
DA:35,24
DA:36,24
DA:37,24
DA:38,24
DA:40,24
DA:43,24
DA:44,24
DA:45,24
DA:47,1
DA:48,1
DA:53,24
DA:55,24
DA:59,24
DA:62,24
DA:63,24
DA:64,24
DA:65,24
DA:66,24
DA:67,24
DA:68,24
DA:69,24
DA:70,24
DA:72,24
DA:75,1
DA:77,1
DA:80,0
DA:84,1
DA:85,26
DA:86,26
DA:87,26
DA:88,26
DA:89,26
DA:90,26
DA:91,26
DA:93,1
DA:94,1
DA:98,0
DA:99,0
DA:103,26
DA:105,26
DA:116,26
DA:120,26
DA:123,1
DA:124,26
DA:125,26
DA:126,26
DA:127,26
DA:128,26
DA:129,26
DA:130,26
DA:132,26
DA:134,26
DA:158,1
DA:159,1
DA:161,1
DA:162,1
DA:163,1
DA:165,0
DA:169,0
DA:171,1
DA:175,0
DA:176,0
DA:177,0
DA:178,0
DA:179,0
DA:181,1
DA:185,0
DA:187,1
DA:188,1
DA:192,0
DA:194,1
DA:198,0
DA:199,0
DA:200,0
DA:201,0
DA:202,0
DA:204,1
DA:210,0
DA:212,1
DA:215,1
DA:237,1
DA:238,9
DA:239,9
DA:242,1
DA:243,1
DA:247,1
DA:250,1
DA:256,1
DA:257,1
DA:261,1
DA:262,1
DA:264,1
DA:265,1
DA:266,1
DA:267,1
DA:269,1
DA:270,1
DA:271,1
DA:272,1
DA:273,1
DA:277,1
DA:283,1
DA:284,1
DA:285,1
DA:288,1
DA:291,1
DA:292,1
DA:294,0
DA:295,0
DA:301,1
DA:302,1
DA:306,1
DA:309,1
DA:315,1
DA:316,1
DA:320,1
DA:321,1
DA:323,1
DA:324,1
DA:325,1
DA:326,1
DA:328,1
DA:329,1
DA:330,1
DA:331,1
DA:332,1
DA:336,1
DA:341,1
DA:343,1
DA:344,1
DA:345,1
DA:349,1
DA:351,1
DA:354,1
DA:355,1
DA:356,1
DA:360,1
DA:361,1
DA:362,1
DA:363,1
DA:366,1
DA:367,1
DA:371,1
DA:372,1
DA:373,1
DA:376,1
DA:377,1
DA:380,1
DA:381,1
DA:384,1
DA:385,2
DA:387,1
DA:388,1
DA:389,1
DA:391,1
DA:392,1
DA:396,1
DA:397,2
DA:398,2
DA:399,2
DA:401,1
DA:403,1
DA:404,1
DA:405,1
DA:408,1
DA:409,2
DA:413,0
DA:414,0
DA:416,0
DA:418,2
DA:419,2
DA:420,2
DA:426,1
DA:427,0
DA:428,0
DA:431,0
DA:432,0
DA:443,1
DA:444,1
DA:446,1
DA:455,1
DA:456,3
DA:461,1
DA:463,1
DA:465,1
DA:473,1
DA:474,2
DA:479,1
DA:481,1
DA:486,1
DA:487,0
DA:489,0
DA:491,0
DA:495,1
DA:496,0
DA:500,0
DA:501,0
DA:503,0
DA:504,0
DA:506,0
DA:507,0
DA:510,0
DA:514,1
DA:515,1
DA:516,1
DA:517,1
DA:518,1
DA:521,1
DA:522,2
DA:523,2
DA:526,1
DA:527,1
DA:528,1
DA:529,1
DA:530,1
DA:531,1
DA:534,24
DA:536,0
DA:538,0
DA:540,0
DA:541,0
DA:545,0
DA:547,0
DA:548,0
DA:555,1
DA:556,1
DA:558,1
DA:563,1
DA:564,0
DA:566,0
DA:569,0
DA:571,0
DA:574,0
DA:580,1
DA:581,1
DA:582,1
DA:583,1
DA:587,1
DA:589,1
DA:593,1
DA:595,2
DA:599,1
DA:600,1
DA:601,1
DA:603,0
DA:605,1
DA:609,1
DA:613,1
DA:617,1
DA:621,1
DA:624,1
LF:261
LH:210
BRDA:174,0,0,1
BRDA:174,0,1,1
BRDA:197,1,0,1
BRDA:197,1,1,1
BRDA:239,2,0,9
BRDA:239,2,1,0
BRDA:239,2,2,0
BRDA:420,3,0,0
BRDA:420,3,1,2
BRDA:428,4,0,0
BRDA:428,4,1,0
BRDA:458,5,0,3
BRDA:458,5,1,2
BRDA:476,6,0,2
BRDA:476,6,1,1
BRF:15
BRH:10
end_of_record
TN:
SF:/home/prashanth/IIMB/Avyantra/GITHUB/Avyantra_Codebase/01_Web_Portal/src/app/dashboard/baby-appear/baby-appear.component.ts
FN:49,BabyAppearComponent
FN:61,(anonymous_2)
FN:67,(anonymous_3)
FN:73,(anonymous_4)
FN:79,(anonymous_5)
FN:105,(anonymous_6)
FN:129,(anonymous_7)
FN:165,(anonymous_8)
FN:260,(anonymous_9)
FN:327,(anonymous_10)
FN:333,(anonymous_11)
FN:336,(anonymous_12)
FN:340,(anonymous_13)
FN:353,(anonymous_14)
FN:356,(anonymous_15)
FN:376,(anonymous_16)
FN:435,(anonymous_17)
FN:447,(anonymous_18)
FN:465,(anonymous_19)
FN:478,(anonymous_20)
FN:491,(anonymous_21)
FN:501,(anonymous_22)
FN:504,(anonymous_23)
FN:511,(anonymous_24)
FN:555,(anonymous_25)
FN:562,(anonymous_26)
FN:566,(anonymous_27)
FN:574,(anonymous_28)
FN:575,(anonymous_29)
FN:593,(anonymous_30)
FN:602,(anonymous_31)
FN:616,(anonymous_32)
FNF:32
FNH:28
FNDA:23,BabyAppearComponent
FNDA:1,(anonymous_2)
FNDA:23,(anonymous_3)
FNDA:4,(anonymous_4)
FNDA:25,(anonymous_5)
FNDA:2,(anonymous_6)
FNDA:26,(anonymous_7)
FNDA:3,(anonymous_8)
FNDA:6,(anonymous_9)
FNDA:1,(anonymous_10)
FNDA:1,(anonymous_11)
FNDA:1,(anonymous_12)
FNDA:2,(anonymous_13)
FNDA:0,(anonymous_14)
FNDA:2,(anonymous_15)
FNDA:2,(anonymous_16)
FNDA:1,(anonymous_17)
FNDA:4,(anonymous_18)
FNDA:2,(anonymous_19)
FNDA:1,(anonymous_20)
FNDA:3,(anonymous_21)
FNDA:0,(anonymous_22)
FNDA:0,(anonymous_23)
FNDA:2,(anonymous_24)
FNDA:1,(anonymous_25)
FNDA:1,(anonymous_26)
FNDA:1,(anonymous_27)
FNDA:27,(anonymous_28)
FNDA:83,(anonymous_29)
FNDA:1,(anonymous_30)
FNDA:0,(anonymous_31)
FNDA:2,(anonymous_32)
DA:20,1
DA:23,23
DA:24,23
DA:25,23
DA:26,23
DA:27,23
DA:28,23
DA:29,23
DA:31,23
DA:32,23
DA:33,23
DA:34,23
DA:36,1
DA:37,1
DA:44,23
DA:45,23
DA:46,23
DA:49,23
DA:50,23
DA:51,23
DA:52,23
DA:53,23
DA:54,23
DA:55,23
DA:56,23
DA:57,23
DA:58,23
DA:60,23
DA:61,23
DA:63,0
DA:67,1
DA:69,23
DA:73,1
DA:75,1
DA:79,1
DA:80,25
DA:81,25
DA:82,25
DA:83,25
DA:84,25
DA:85,25
DA:86,25
DA:91,1
DA:92,1
DA:96,1
DA:97,1
DA:101,25
DA:102,25
DA:105,1
DA:106,2
DA:107,2
DA:108,2
DA:109,2
DA:110,2
DA:111,2
DA:112,2
DA:114,1
DA:115,1
DA:119,1
DA:120,1
DA:124,2
DA:125,2
DA:126,2
DA:129,1
DA:130,26
DA:131,26
DA:132,26
DA:165,1
DA:166,3
DA:168,2
DA:170,1
DA:174,2
DA:175,2
DA:176,2
DA:177,2
DA:178,2
DA:180,1
DA:184,2
DA:185,2
DA:186,2
DA:188,1
DA:191,2
DA:192,2
DA:193,2
DA:194,2
DA:195,2
DA:199,1
DA:200,1
DA:201,1
DA:204,1
DA:206,1
DA:212,2
DA:213,2
DA:214,2
DA:215,2
DA:216,2
DA:220,1
DA:221,1
DA:222,1
DA:225,1
DA:226,1
DA:231,3
DA:260,1
DA:261,6
DA:262,6
DA:266,1
DA:267,1
DA:271,1
DA:274,1
DA:280,1
DA:281,1
DA:284,1
DA:286,1
DA:287,1
DA:289,1
DA:290,1
DA:291,1
DA:292,1
DA:300,1
DA:301,1
DA:305,1
DA:306,1
DA:308,1
DA:309,1
DA:310,1
DA:311,1
DA:313,1
DA:314,1
DA:315,1
DA:316,1
DA:317,1
DA:321,1
DA:327,1
DA:328,1
DA:329,1
DA:333,1
DA:334,1
DA:336,1
DA:337,1
DA:340,1
DA:341,2
DA:342,2
DA:344,1
DA:345,1
DA:346,1
DA:348,1
DA:349,1
DA:350,1
DA:353,1
DA:356,1
DA:357,2
DA:358,2
DA:359,2
DA:362,1
DA:364,1
DA:365,1
DA:366,1
DA:376,1
DA:377,2
DA:380,1
DA:384,1
DA:385,1
DA:386,1
DA:387,1
DA:390,0
DA:392,0
DA:398,1
DA:399,1
DA:400,1
DA:405,0
DA:408,0
DA:412,0
DA:413,0
DA:417,1
DA:419,0
DA:420,0
DA:435,1
DA:436,1
DA:438,1
DA:447,1
DA:448,4
DA:453,2
DA:455,0
DA:457,2
DA:465,1
DA:466,2
DA:471,0
DA:473,2
DA:478,1
DA:479,1
DA:481,0
DA:483,1
DA:491,1
DA:492,3
DA:496,1
DA:497,1
DA:499,3
DA:500,3
DA:502,0
DA:505,0
DA:511,1
DA:512,2
DA:516,1
DA:517,1
DA:518,1
DA:519,1
DA:520,1
DA:525,0
DA:526,0
DA:527,0
DA:530,0
DA:536,1
DA:537,1
DA:541,1
DA:542,1
DA:543,1
DA:545,0
DA:546,0
DA:549,0
DA:550,0
DA:555,1
DA:556,1
DA:557,1
DA:558,1
DA:562,1
DA:563,1
DA:566,1
DA:567,1
DA:568,1
DA:569,1
DA:570,1
DA:571,1
DA:574,27
DA:575,27
DA:577,82
DA:579,0
DA:580,0
DA:584,1
DA:586,0
DA:587,0
DA:593,1
DA:594,1
DA:595,1
DA:596,1
DA:598,1
DA:600,0
DA:601,0
DA:604,0
DA:606,0
DA:610,0
DA:611,0
DA:616,1
DA:618,2
DA:622,2
DA:626,2
DA:630,2
DA:634,2
DA:637,1
LF:258
LH:226
BRDA:173,0,0,3
BRDA:173,0,1,1
BRDA:262,1,0,6
BRDA:262,1,1,0
BRDA:262,1,2,0
BRDA:450,2,0,4
BRDA:450,2,1,2
BRDA:468,3,0,2
BRDA:468,3,1,0
BRF:9
BRH:6
end_of_record
TN:
SF:/home/prashanth/IIMB/Avyantra/GITHUB/Avyantra_Codebase/01_Web_Portal/src/app/dashboard/baby-cns/baby-cns.component.ts
FN:41,BabyCnsComponent
FN:54,(anonymous_2)
FN:77,(anonymous_3)
FN:82,(anonymous_4)
FN:96,(anonymous_5)
FN:111,(anonymous_6)
FN:114,(anonymous_7)
FN:118,(anonymous_8)
FN:130,(anonymous_9)
FN:159,(anonymous_10)
FN:219,(anonymous_11)
FN:231,(anonymous_12)
FN:249,(anonymous_13)
FN:262,(anonymous_14)
FN:271,(anonymous_15)
FN:281,(anonymous_16)
FN:286,(anonymous_17)
FN:291,(anonymous_18)
FN:297,(anonymous_19)
FN:301,(anonymous_20)
FN:309,(anonymous_21)
FN:310,(anonymous_22)
FN:328,(anonymous_23)
FN:333,(anonymous_24)
FN:344,(anonymous_25)
FNF:25
FNH:23
FNDA:21,BabyCnsComponent
FNDA:24,(anonymous_2)
FNDA:1,(anonymous_3)
FNDA:25,(anonymous_4)
FNDA:1,(anonymous_5)
FNDA:2,(anonymous_6)
FNDA:2,(anonymous_7)
FNDA:4,(anonymous_8)
FNDA:2,(anonymous_9)
FNDA:4,(anonymous_10)
FNDA:0,(anonymous_11)
FNDA:4,(anonymous_12)
FNDA:2,(anonymous_13)
FNDA:2,(anonymous_14)
FNDA:1,(anonymous_15)
FNDA:1,(anonymous_16)
FNDA:0,(anonymous_17)
FNDA:1,(anonymous_18)
FNDA:1,(anonymous_19)
FNDA:1,(anonymous_20)
FNDA:23,(anonymous_21)
FNDA:8,(anonymous_22)
FNDA:1,(anonymous_23)
FNDA:1,(anonymous_24)
FNDA:1,(anonymous_25)
DA:18,1
DA:21,21
DA:22,21
DA:23,21
DA:24,21
DA:25,21
DA:26,21
DA:28,1
DA:29,1
DA:33,21
DA:35,21
DA:39,21
DA:42,21
DA:43,21
DA:44,21
DA:45,21
DA:46,21
DA:47,21
DA:48,21
DA:49,21
DA:51,21
DA:54,24
DA:55,24
DA:56,24
DA:57,24
DA:58,24
DA:60,24
DA:61,24
DA:62,24
DA:63,24
DA:65,1
DA:66,1
DA:70,0
DA:71,0
DA:73,23
DA:77,24
DA:78,1
DA:82,1
DA:83,25
DA:84,25
DA:96,1
DA:97,1
DA:98,1
DA:111,1
DA:112,2
DA:114,1
DA:115,2
DA:118,1
DA:119,4
DA:121,2
DA:122,2
DA:123,2
DA:125,2
DA:126,2
DA:130,1
DA:131,2
DA:132,2
DA:134,2
DA:137,0
DA:148,0
DA:149,0
DA:159,1
DA:160,4
DA:163,1
DA:167,1
DA:168,1
DA:169,1
DA:170,1
DA:173,0
DA:175,0
DA:181,1
DA:182,1
DA:183,1
DA:188,0
DA:191,0
DA:195,0
DA:196,0
DA:200,1
DA:202,2
DA:203,2
DA:219,1
DA:220,0
DA:222,0
DA:231,1
DA:232,4
DA:237,2
DA:239,0
DA:241,2
DA:249,1
DA:250,2
DA:255,0
DA:257,2
DA:262,1
DA:263,2
DA:265,1
DA:267,1
DA:271,1
DA:272,1
DA:276,0
DA:277,0
DA:279,1
DA:280,1
DA:282,1
DA:283,1
DA:284,1
DA:287,0
DA:291,1
DA:292,1
DA:293,1
DA:294,1
DA:297,1
DA:298,1
DA:301,1
DA:302,1
DA:303,1
DA:304,1
DA:305,1
DA:306,1
DA:309,23
DA:310,23
DA:312,8
DA:314,0
DA:315,0
DA:319,0
DA:321,0
DA:322,0
DA:328,1
DA:330,0
DA:333,1
DA:335,1
DA:338,0
DA:344,1
DA:345,1
DA:346,1
DA:347,1
DA:350,1
LF:136
LH:111
BRDA:234,0,0,4
BRDA:234,0,1,2
BRDA:252,1,0,2
BRDA:252,1,1,0
BRF:4
BRH:3
end_of_record
TN:
SF:/home/prashanth/IIMB/Avyantra/GITHUB/Avyantra_Codebase/01_Web_Portal/src/app/dashboard/baby-cv/baby-cv.component.ts
FN:52,BabyCvComponent
FN:65,(anonymous_2)
FN:89,(anonymous_3)
FN:116,(anonymous_4)
FN:177,(anonymous_5)
FN:282,(anonymous_6)
FN:287,(anonymous_7)
FN:290,(anonymous_8)
FN:294,(anonymous_9)
FN:307,(anonymous_10)
FN:310,(anonymous_11)
FN:356,(anonymous_12)
FN:418,(anonymous_13)
FN:430,(anonymous_14)
FN:448,(anonymous_15)
FN:461,(anonymous_16)
FN:470,(anonymous_17)
FN:480,(anonymous_18)
FN:483,(anonymous_19)
FN:489,(anonymous_20)
FN:495,(anonymous_21)
FN:499,(anonymous_22)
FN:507,(anonymous_23)
FN:508,(anonymous_24)
FN:526,(anonymous_25)
FN:550,(anonymous_26)
FNF:26
FNH:20
FNDA:25,BabyCvComponent
FNDA:27,(anonymous_2)
FNDA:26,(anonymous_3)
FNDA:3,(anonymous_4)
FNDA:10,(anonymous_5)
FNDA:1,(anonymous_6)
FNDA:1,(anonymous_7)
FNDA:1,(anonymous_8)
FNDA:2,(anonymous_9)
FNDA:0,(anonymous_10)
FNDA:1,(anonymous_11)
FNDA:3,(anonymous_12)
FNDA:1,(anonymous_13)
FNDA:3,(anonymous_14)
FNDA:0,(anonymous_15)
FNDA:0,(anonymous_16)
FNDA:3,(anonymous_17)
FNDA:0,(anonymous_18)
FNDA:0,(anonymous_19)
FNDA:1,(anonymous_20)
FNDA:2,(anonymous_21)
FNDA:2,(anonymous_22)
FNDA:27,(anonymous_23)
FNDA:55,(anonymous_24)
FNDA:1,(anonymous_25)
FNDA:0,(anonymous_26)
DA:19,1
DA:21,25
DA:25,25
DA:26,25
DA:27,25
DA:29,25
DA:30,25
DA:31,25
DA:33,25
DA:34,25
DA:35,25
DA:36,25
DA:37,25
DA:38,25
DA:42,1
DA:43,1
DA:46,25
DA:47,25
DA:53,25
DA:54,25
DA:55,25
DA:56,25
DA:57,25
DA:58,25
DA:59,25
DA:60,25
DA:62,25
DA:65,1
DA:66,27
DA:67,27
DA:68,27
DA:69,27
DA:70,27
DA:71,27
DA:73,27
DA:74,27
DA:77,1
DA:78,1
DA:82,1
DA:83,1
DA:86,27
DA:89,1
DA:90,26
DA:92,26
DA:93,26
DA:94,26
DA:95,26
DA:96,26
DA:98,26
DA:116,1
DA:117,3
DA:120,2
DA:121,2
DA:122,2
DA:124,1
DA:128,2
DA:129,2
DA:130,2
DA:132,1
DA:136,2
DA:137,2
DA:138,2
DA:140,1
DA:144,2
DA:145,2
DA:146,2
DA:148,1
DA:152,2
DA:154,1
DA:158,3
DA:177,1
DA:178,10
DA:179,10
DA:182,1
DA:183,1
DA:186,1
DA:188,1
DA:189,1
DA:191,1
DA:192,1
DA:193,1
DA:194,1
DA:202,1
DA:203,1
DA:206,1
DA:208,1
DA:209,1
DA:211,1
DA:212,1
DA:213,1
DA:216,1
DA:222,1
DA:223,1
DA:226,1
DA:228,1
DA:229,1
DA:231,1
DA:232,1
DA:233,1
DA:236,1
DA:242,1
DA:243,1
DA:246,1
DA:248,1
DA:249,1
DA:251,1
DA:252,1
DA:253,1
DA:256,1
DA:262,1
DA:263,1
DA:266,1
DA:268,1
DA:269,1
DA:271,1
DA:272,1
DA:273,1
DA:274,1
DA:282,1
DA:283,1
DA:284,1
DA:287,1
DA:288,1
DA:290,1
DA:291,1
DA:294,1
DA:295,2
DA:297,1
DA:298,1
DA:299,1
DA:302,1
DA:303,1
DA:307,1
DA:310,1
DA:311,1
DA:312,1
DA:314,0
DA:319,1
DA:322,1
DA:325,1
DA:328,1
DA:331,1
DA:345,1
DA:346,1
DA:356,1
DA:357,3
DA:361,1
DA:365,1
DA:366,1
DA:367,1
DA:368,1
DA:371,0
DA:373,0
DA:380,1
DA:381,1
DA:382,1
DA:388,1
DA:391,1
DA:395,1
DA:396,1
DA:400,2
DA:402,0
DA:403,0
DA:418,1
DA:419,1
DA:421,1
DA:430,1
DA:431,3
DA:436,3
DA:438,0
DA:440,0
DA:448,1
DA:449,0
DA:454,0
DA:456,0
DA:461,1
DA:462,0
DA:464,0
DA:466,0
DA:470,1
DA:471,3
DA:474,1
DA:475,1
DA:477,3
DA:479,3
DA:481,0
DA:484,0
DA:489,1
DA:490,1
DA:491,1
DA:492,1
DA:495,1
DA:496,2
DA:499,1
DA:500,2
DA:501,2
DA:502,2
DA:503,2
DA:504,2
DA:507,27
DA:508,27
DA:510,53
DA:512,0
DA:513,0
DA:517,2
DA:519,0
DA:520,0
DA:526,1
DA:527,1
DA:528,1
DA:530,1
DA:534,0
DA:537,0
DA:540,0
DA:543,0
DA:546,0
DA:549,0
DA:552,0
DA:554,0
DA:558,0
DA:559,0
DA:565,1
LF:222
LH:193
BRDA:179,0,0,10
BRDA:179,0,1,0
BRDA:179,0,2,0
BRDA:433,1,0,3
BRDA:433,1,1,3
BRDA:451,2,0,0
BRDA:451,2,1,0
BRF:7
BRH:3
end_of_record
TN:
SF:/home/prashanth/IIMB/Avyantra/GITHUB/Avyantra_Codebase/01_Web_Portal/src/app/dashboard/baby-git/baby-git.component.ts
FN:27,BabyGitComponent
FN:32,(anonymous_2)
FN:52,(anonymous_3)
FN:66,(anonymous_4)
FN:85,(anonymous_5)
FN:101,(anonymous_6)
FN:103,(anonymous_7)
FN:105,(anonymous_8)
FN:115,(anonymous_9)
FN:126,(anonymous_10)
FN:136,(anonymous_11)
FN:142,(anonymous_12)
FN:143,(anonymous_13)
FN:146,(anonymous_14)
FN:149,(anonymous_15)
FN:152,(anonymous_16)
FN:159,(anonymous_17)
FN:160,(anonymous_18)
FN:176,(anonymous_19)
FN:186,(anonymous_20)
FN:196,(anonymous_21)
FN:200,(anonymous_22)
FNF:22
FNH:19
FNDA:18,BabyGitComponent
FNDA:19,(anonymous_2)
FNDA:18,(anonymous_3)
FNDA:3,(anonymous_4)
FNDA:2,(anonymous_5)
FNDA:1,(anonymous_6)
FNDA:1,(anonymous_7)
FNDA:2,(anonymous_8)
FNDA:1,(anonymous_9)
FNDA:1,(anonymous_10)
FNDA:1,(anonymous_11)
FNDA:0,(anonymous_12)
FNDA:0,(anonymous_13)
FNDA:1,(anonymous_14)
FNDA:1,(anonymous_15)
FNDA:1,(anonymous_16)
FNDA:19,(anonymous_17)
FNDA:18,(anonymous_18)
FNDA:1,(anonymous_19)
FNDA:0,(anonymous_20)
FNDA:3,(anonymous_21)
FNDA:3,(anonymous_22)
DA:19,1
DA:21,18
DA:22,18
DA:23,18
DA:28,18
DA:29,18
DA:30,18
DA:32,1
DA:33,19
DA:34,19
DA:35,19
DA:36,19
DA:37,19
DA:38,19
DA:39,19
DA:41,0
DA:42,0
DA:45,0
DA:46,0
DA:49,19
DA:52,1
DA:53,18
DA:54,18
DA:56,18
DA:66,1
DA:67,3
DA:69,2
DA:70,2
DA:72,1
DA:73,1
DA:75,3
DA:85,1
DA:86,2
DA:87,2
DA:90,1
DA:91,1
DA:92,1
DA:93,1
DA:95,1
DA:96,1
DA:97,1
DA:101,1
DA:103,1
DA:105,1
DA:106,2
DA:108,1
DA:109,1
DA:111,1
DA:112,1
DA:115,1
DA:116,1
DA:117,1
DA:118,1
DA:120,0
DA:122,0
DA:123,0
DA:124,0
DA:126,1
DA:127,1
DA:129,1
DA:130,1
DA:131,1
DA:132,1
DA:136,1
DA:137,1
DA:139,0
DA:140,1
DA:141,1
DA:142,0
DA:143,0
DA:146,1
DA:147,1
DA:149,1
DA:150,1
DA:152,1
DA:153,1
DA:154,1
DA:155,1
DA:156,1
DA:157,1
DA:159,19
DA:160,19
DA:162,16
DA:164,0
DA:165,0
DA:168,2
DA:170,0
DA:171,0
DA:176,1
DA:177,1
DA:178,1
DA:179,1
DA:182,0
DA:184,0
DA:185,0
DA:187,0
DA:189,0
DA:190,0
DA:191,0
DA:196,1
DA:197,3
DA:198,3
DA:200,1
DA:201,3
DA:202,3
DA:204,1
LF:106
LH:84
BRDA:87,0,0,2
BRDA:87,0,1,0
BRDA:87,0,2,0
BRF:3
BRH:1
end_of_record
TN:
SF:/home/prashanth/IIMB/Avyantra/GITHUB/Avyantra_Codebase/01_Web_Portal/src/app/dashboard/baby-investigation/baby-investigation.component.ts
FN:88,BabyInvestigationComponent
FN:101,(anonymous_2)
FN:209,(anonymous_3)
FN:287,(anonymous_4)
FN:720,(anonymous_5)
FN:1159,(anonymous_6)
FN:1175,(anonymous_7)
FN:1195,(anonymous_8)
FN:1209,(anonymous_9)
FN:1229,(anonymous_10)
FN:1232,(anonymous_11)
FN:1236,(anonymous_12)
FN:1248,(anonymous_13)
FN:1373,(anonymous_14)
FN:1435,(anonymous_15)
FN:1447,(anonymous_16)
FN:1465,(anonymous_17)
FN:1478,(anonymous_18)
FN:1487,(anonymous_19)
FN:1498,(anonymous_20)
FN:1501,(anonymous_21)
FN:1507,(anonymous_22)
FN:1574,(anonymous_23)
FN:1581,(anonymous_24)
FN:1602,(anonymous_25)
FN:1606,(anonymous_26)
FN:1614,(anonymous_27)
FN:1615,(anonymous_28)
FN:1637,(anonymous_29)
FN:1658,(anonymous_30)
FN:1665,(anonymous_31)
FN:1676,(anonymous_32)
FN:1683,(anonymous_33)
FN:1774,(anonymous_34)
FN:1778,(anonymous_35)
FNF:35
FNH:29
FNDA:26,BabyInvestigationComponent
FNDA:28,(anonymous_2)
FNDA:28,(anonymous_3)
FNDA:2,(anonymous_4)
FNDA:47,(anonymous_5)
FNDA:2,(anonymous_6)
FNDA:2,(anonymous_7)
FNDA:2,(anonymous_8)
FNDA:2,(anonymous_9)
FNDA:1,(anonymous_10)
FNDA:1,(anonymous_11)
FNDA:2,(anonymous_12)
FNDA:2,(anonymous_13)
FNDA:2,(anonymous_14)
FNDA:1,(anonymous_15)
FNDA:3,(anonymous_16)
FNDA:2,(anonymous_17)
FNDA:0,(anonymous_18)
FNDA:0,(anonymous_19)
FNDA:0,(anonymous_20)
FNDA:0,(anonymous_21)
FNDA:6,(anonymous_22)
FNDA:1,(anonymous_23)
FNDA:2,(anonymous_24)
FNDA:2,(anonymous_25)
FNDA:2,(anonymous_26)
FNDA:28,(anonymous_27)
FNDA:542,(anonymous_28)
FNDA:1,(anonymous_29)
FNDA:0,(anonymous_30)
FNDA:0,(anonymous_31)
FNDA:1,(anonymous_32)
FNDA:9,(anonymous_33)
FNDA:1,(anonymous_34)
FNDA:1,(anonymous_35)
DA:19,1
DA:21,26
DA:25,26
DA:26,26
DA:27,26
DA:28,26
DA:29,26
DA:30,26
DA:32,26
DA:33,26
DA:34,26
DA:36,26
DA:37,26
DA:38,26
DA:39,26
DA:40,26
DA:41,26
DA:42,26
DA:43,26
DA:44,26
DA:45,26
DA:46,26
DA:47,26
DA:48,26
DA:49,26
DA:50,26
DA:51,26
DA:52,26
DA:53,26
DA:54,26
DA:55,26
DA:56,26
DA:57,26
DA:58,26
DA:59,26
DA:60,26
DA:61,26
DA:62,26
DA:63,26
DA:64,26
DA:65,26
DA:66,26
DA:67,26
DA:69,26
DA:70,26
DA:72,26
DA:73,26
DA:75,1
DA:76,1
DA:81,26
DA:83,26
DA:87,26
DA:89,26
DA:90,26
DA:91,26
DA:92,26
DA:93,26
DA:94,26
DA:95,26
DA:96,26
DA:98,26
DA:101,1
DA:102,28
DA:103,28
DA:104,28
DA:105,28
DA:106,28
DA:107,28
DA:108,28
DA:110,1
DA:111,1
DA:115,1
DA:116,1
DA:119,28
DA:121,28
DA:129,28
DA:145,28
DA:155,28
DA:200,28
DA:205,28
DA:209,1
DA:210,28
DA:212,28
DA:213,28
DA:214,28
DA:215,28
DA:216,28
DA:217,28
DA:218,28
DA:219,28
DA:220,28
DA:221,28
DA:222,28
DA:223,28
DA:224,28
DA:225,28
DA:226,28
DA:227,28
DA:228,28
DA:229,28
DA:230,28
DA:231,28
DA:232,28
DA:233,28
DA:234,28
DA:235,28
DA:236,28
DA:237,28
DA:239,28
DA:287,1
DA:288,2
DA:289,2
DA:292,2
DA:293,2
DA:294,2
DA:296,0
DA:300,2
DA:301,2
DA:302,2
DA:304,0
DA:308,1
DA:309,1
DA:310,1
DA:312,1
DA:313,1
DA:314,1
DA:319,1
DA:320,1
DA:321,1
DA:323,1
DA:324,1
DA:325,1
DA:329,1
DA:330,1
DA:331,1
DA:333,1
DA:334,1
DA:335,1
DA:339,1
DA:340,1
DA:341,1
DA:343,1
DA:344,1
DA:345,1
DA:349,1
DA:350,1
DA:351,1
DA:353,1
DA:354,1
DA:355,1
DA:359,1
DA:360,1
DA:361,1
DA:363,1
DA:364,1
DA:365,1
DA:369,1
DA:370,1
DA:371,1
DA:373,1
DA:374,1
DA:375,1
DA:379,1
DA:380,1
DA:381,1
DA:383,1
DA:384,1
DA:385,1
DA:389,1
DA:390,1
DA:391,1
DA:393,1
DA:394,1
DA:395,1
DA:399,1
DA:400,1
DA:401,1
DA:403,1
DA:404,1
DA:405,1
DA:409,1
DA:410,1
DA:411,1
DA:413,1
DA:414,1
DA:415,1
DA:419,1
DA:420,1
DA:421,1
DA:423,1
DA:424,1
DA:425,1
DA:429,1
DA:430,1
DA:431,1
DA:433,1
DA:434,1
DA:435,1
DA:439,1
DA:440,1
DA:441,1
DA:443,1
DA:444,1
DA:445,1
DA:449,1
DA:450,1
DA:451,1
DA:453,1
DA:454,1
DA:455,1
DA:459,1
DA:460,1
DA:461,1
DA:463,1
DA:464,1
DA:465,1
DA:469,1
DA:470,1
DA:471,1
DA:473,1
DA:474,1
DA:475,1
DA:479,1
DA:480,1
DA:481,1
DA:483,1
DA:484,1
DA:485,1
DA:488,1
DA:489,1
DA:490,1
DA:491,1
DA:492,1
DA:496,1
DA:497,1
DA:498,1
DA:501,1
DA:503,1
DA:509,1
DA:510,1
DA:511,1
DA:512,1
DA:513,1
DA:519,1
DA:520,1
DA:521,1
DA:524,1
DA:526,1
DA:532,1
DA:533,1
DA:534,1
DA:535,1
DA:536,1
DA:542,1
DA:543,1
DA:544,1
DA:547,1
DA:549,1
DA:555,0
DA:557,2
DA:558,2
DA:562,0
DA:564,2
DA:565,2
DA:569,0
DA:571,2
DA:572,2
DA:578,0
DA:579,0
DA:581,2
DA:587,0
DA:588,0
DA:590,2
DA:596,0
DA:597,0
DA:599,2
DA:605,0
DA:606,0
DA:608,2
DA:615,0
DA:616,0
DA:618,2
DA:624,0
DA:625,0
DA:627,2
DA:631,0
DA:632,0
DA:633,0
DA:634,0
DA:635,0
DA:640,2
DA:641,2
DA:642,2
DA:645,2
DA:646,2
DA:652,0
DA:653,0
DA:654,0
DA:655,0
DA:656,0
DA:661,2
DA:662,2
DA:663,2
DA:666,2
DA:667,2
DA:673,2
DA:720,1
DA:721,47
DA:722,47
DA:725,1
DA:726,1
DA:729,1
DA:731,1
DA:732,1
DA:734,2
DA:735,2
DA:738,2
DA:739,2
DA:745,1
DA:746,1
DA:749,1
DA:751,1
DA:752,1
DA:754,1
DA:757,1
DA:758,1
DA:759,1
DA:765,1
DA:766,1
DA:769,1
DA:771,1
DA:772,1
DA:774,1
DA:777,1
DA:778,1
DA:779,1
DA:785,1
DA:786,1
DA:789,1
DA:791,1
DA:792,1
DA:794,1
DA:797,1
DA:798,1
DA:799,1
DA:805,1
DA:806,1
DA:809,1
DA:811,1
DA:812,1
DA:814,1
DA:817,1
DA:818,1
DA:819,1
DA:825,1
DA:826,1
DA:829,1
DA:831,1
DA:832,1
DA:834,1
DA:837,1
DA:838,1
DA:839,1
DA:845,1
DA:846,1
DA:849,1
DA:851,1
DA:852,1
DA:854,1
DA:857,1
DA:858,1
DA:859,1
DA:865,1
DA:866,1
DA:869,1
DA:871,1
DA:872,1
DA:874,1
DA:877,1
DA:878,1
DA:879,1
DA:885,1
DA:886,1
DA:889,1
DA:891,1
DA:892,1
DA:894,1
DA:897,1
DA:898,1
DA:899,1
DA:905,1
DA:906,1
DA:909,1
DA:911,1
DA:912,1
DA:914,1
DA:917,1
DA:918,1
DA:919,1
DA:925,1
DA:926,1
DA:929,1
DA:931,1
DA:932,1
DA:934,1
DA:937,1
DA:938,1
DA:939,1
DA:945,1
DA:946,1
DA:949,1
DA:951,1
DA:952,1
DA:954,1
DA:957,1
DA:958,1
DA:959,1
DA:965,1
DA:966,1
DA:969,1
DA:971,1
DA:972,1
DA:974,1
DA:977,1
DA:978,1
DA:979,1
DA:985,1
DA:986,1
DA:989,1
DA:991,1
DA:992,1
DA:994,1
DA:997,1
DA:998,1
DA:999,1
DA:1005,1
DA:1006,1
DA:1009,1
DA:1011,1
DA:1012,1
DA:1014,1
DA:1017,1
DA:1018,1
DA:1019,1
DA:1025,1
DA:1026,1
DA:1029,1
DA:1031,1
DA:1032,1
DA:1034,1
DA:1037,1
DA:1038,1
DA:1039,1
DA:1045,1
DA:1046,1
DA:1049,1
DA:1051,1
DA:1052,1
DA:1054,1
DA:1057,1
DA:1058,1
DA:1059,1
DA:1065,1
DA:1066,1
DA:1069,1
DA:1071,1
DA:1072,1
DA:1074,1
DA:1077,1
DA:1078,1
DA:1079,1
DA:1085,1
DA:1086,1
DA:1090,1
DA:1091,1
DA:1097,1
DA:1098,1
DA:1102,1
DA:1103,1
DA:1109,1
DA:1110,1
DA:1114,1
DA:1115,1
DA:1120,1
DA:1121,1
DA:1124,1
DA:1126,1
DA:1127,1
DA:1129,1
DA:1132,1
DA:1133,1
DA:1134,1
DA:1139,1
DA:1140,1
DA:1143,1
DA:1145,1
DA:1146,1
DA:1148,1
DA:1151,1
DA:1152,1
DA:1153,1
DA:1159,1
DA:1163,1
DA:1164,1
DA:1165,1
DA:1169,1
DA:1170,1
DA:1171,1
DA:1175,1
DA:1177,1
DA:1180,1
DA:1181,1
DA:1182,1
DA:1186,1
DA:1189,1
DA:1190,1
DA:1191,1
DA:1195,1
DA:1197,1
DA:1198,1
DA:1199,1
DA:1203,1
DA:1204,1
DA:1205,1
DA:1209,1
DA:1211,1
DA:1214,1
DA:1215,1
DA:1216,1
DA:1220,1
DA:1223,1
DA:1224,1
DA:1225,1
DA:1229,1
DA:1230,1
DA:1232,1
DA:1233,1
DA:1236,1
DA:1237,2
DA:1239,1
DA:1240,1
DA:1241,1
DA:1243,1
DA:1244,1
DA:1248,1
DA:1249,2
DA:1250,2
DA:1252,1
DA:1256,1
DA:1259,1
DA:1261,0
DA:1265,1
DA:1267,0
DA:1271,1
DA:1273,0
DA:1276,1
DA:1277,1
DA:1278,1
DA:1281,1
DA:1284,1
DA:1287,1
DA:1290,1
DA:1293,1
DA:1296,1
DA:1299,1
DA:1302,1
DA:1305,1
DA:1308,1
DA:1311,1
DA:1314,1
DA:1317,1
DA:1320,1
DA:1323,1
DA:1326,1
DA:1329,1
DA:1332,1
DA:1335,1
DA:1338,1
DA:1341,1
DA:1344,1
DA:1347,1
DA:1363,1
DA:1364,1
DA:1373,1
DA:1374,2
DA:1377,0
DA:1381,0
DA:1382,0
DA:1383,0
DA:1384,0
DA:1387,0
DA:1389,0
DA:1395,0
DA:1396,0
DA:1397,0
DA:1403,0
DA:1406,0
DA:1410,0
DA:1411,0
DA:1415,0
DA:1417,2
DA:1418,2
DA:1435,1
DA:1436,1
DA:1438,1
DA:1447,1
DA:1448,3
DA:1453,1
DA:1455,1
DA:1457,1
DA:1465,1
DA:1466,2
DA:1471,1
DA:1473,1
DA:1478,1
DA:1479,0
DA:1481,0
DA:1483,0
DA:1487,1
DA:1488,0
DA:1492,0
DA:1493,0
DA:1496,0
DA:1497,0
DA:1499,0
DA:1502,0
DA:1507,1
DA:1508,6
DA:1512,1
DA:1513,1
DA:1515,1
DA:1516,1
DA:1517,1
DA:1522,1
DA:1523,1
DA:1524,1
DA:1527,1
DA:1533,1
DA:1534,1
DA:1536,1
DA:1537,1
DA:1538,1
DA:1543,1
DA:1544,1
DA:1545,1
DA:1548,1
DA:1554,1
DA:1555,1
DA:1557,1
DA:1558,1
DA:1559,1
DA:1564,1
DA:1565,1
DA:1566,1
DA:1569,1
DA:1574,1
DA:1575,1
DA:1576,1
DA:1577,1
DA:1578,1
DA:1581,1
DA:1583,1
DA:1586,1
DA:1589,1
DA:1592,1
DA:1595,1
DA:1598,1
DA:1602,1
DA:1603,2
DA:1606,1
DA:1607,2
DA:1608,2
DA:1609,2
DA:1610,2
DA:1611,2
DA:1614,28
DA:1615,28
DA:1617,506
DA:1619,0
DA:1620,0
DA:1621,0
DA:1622,0
DA:1626,36
DA:1628,0
DA:1629,0
DA:1630,0
DA:1631,0
DA:1637,1
DA:1639,0
DA:1642,0
DA:1645,0
DA:1648,0
DA:1651,0
DA:1654,0
DA:1658,1
DA:1659,0
DA:1661,0
DA:1664,0
DA:1665,0
DA:1667,0
DA:1670,0
DA:1676,1
DA:1677,1
DA:1678,1
DA:1679,1
DA:1683,1
DA:1684,9
DA:1685,9
DA:1688,1
DA:1690,8
DA:1694,3
DA:1696,6
DA:1700,5
DA:1702,4
DA:1705,9
DA:1706,9
DA:1707,9
DA:1710,4
DA:1713,4
DA:1716,4
DA:1719,4
DA:1722,4
DA:1725,4
DA:1728,4
DA:1731,4
DA:1734,4
DA:1737,4
DA:1740,4
DA:1743,4
DA:1746,4
DA:1749,4
DA:1752,4
DA:1755,4
DA:1758,4
DA:1761,4
DA:1764,4
DA:1767,4
DA:1770,4
DA:1774,1
DA:1775,1
DA:1776,1
DA:1778,1
DA:1779,1
DA:1780,1
DA:1781,1
DA:1783,1
LF:746
LH:671
BRDA:291,0,0,2
BRDA:291,0,1,2
BRDA:299,1,0,2
BRDA:299,1,1,2
BRDA:722,2,0,47
BRDA:722,2,1,0
BRDA:722,2,2,0
BRDA:1162,3,0,2
BRDA:1162,3,1,2
BRDA:1168,4,0,2
BRDA:1168,4,1,2
BRDA:1176,5,0,2
BRDA:1176,5,1,2
BRDA:1185,6,0,2
BRDA:1185,6,1,2
BRDA:1450,7,0,3
BRDA:1450,7,1,2
BRDA:1468,8,0,2
BRDA:1468,8,1,1
BRF:19
BRH:17
end_of_record
TN:
SF:/home/prashanth/IIMB/Avyantra/GITHUB/Avyantra_Codebase/01_Web_Portal/src/app/dashboard/baby-resp/baby-resp.component.ts
FN:54,BabyRespComponent
FN:67,(anonymous_2)
FN:103,(anonymous_3)
FN:135,(anonymous_4)
FN:194,(anonymous_5)
FN:234,(anonymous_6)
FN:240,(anonymous_7)
FN:244,(anonymous_8)
FN:248,(anonymous_9)
FN:259,(anonymous_10)
FN:262,(anonymous_11)
FN:301,(anonymous_12)
FN:360,(anonymous_13)
FN:372,(anonymous_14)
FN:390,(anonymous_15)
FN:403,(anonymous_16)
FN:412,(anonymous_17)
FN:423,(anonymous_18)
FN:427,(anonymous_19)
FN:433,(anonymous_20)
FN:450,(anonymous_21)
FN:460,(anonymous_22)
FN:464,(anonymous_23)
FN:472,(anonymous_24)
FN:473,(anonymous_25)
FN:495,(anonymous_26)
FN:501,(anonymous_27)
FN:511,(anonymous_28)
FN:524,(anonymous_29)
FNF:29
FNH:25
FNDA:29,BabyRespComponent
FNDA:31,(anonymous_2)
FNDA:32,(anonymous_3)
FNDA:4,(anonymous_4)
FNDA:4,(anonymous_5)
FNDA:1,(anonymous_6)
FNDA:1,(anonymous_7)
FNDA:1,(anonymous_8)
FNDA:2,(anonymous_9)
FNDA:1,(anonymous_10)
FNDA:2,(anonymous_11)
FNDA:2,(anonymous_12)
FNDA:1,(anonymous_13)
FNDA:2,(anonymous_14)
FNDA:0,(anonymous_15)
FNDA:0,(anonymous_16)
FNDA:3,(anonymous_17)
FNDA:0,(anonymous_18)
FNDA:0,(anonymous_19)
FNDA:1,(anonymous_20)
FNDA:1,(anonymous_21)
FNDA:3,(anonymous_22)
FNDA:2,(anonymous_23)
FNDA:33,(anonymous_24)
FNDA:94,(anonymous_25)
FNDA:3,(anonymous_26)
FNDA:2,(anonymous_27)
FNDA:3,(anonymous_28)
FNDA:1,(anonymous_29)
DA:19,1
DA:21,29
DA:25,29
DA:26,29
DA:27,29
DA:28,29
DA:29,29
DA:31,29
DA:32,29
DA:33,29
DA:35,29
DA:36,29
DA:37,29
DA:39,1
DA:40,1
DA:45,29
DA:47,29
DA:48,29
DA:52,29
DA:55,29
DA:56,29
DA:57,29
DA:58,29
DA:59,29
DA:60,29
DA:61,29
DA:62,29
DA:64,29
DA:67,1
DA:68,31
DA:69,31
DA:70,31
DA:71,31
DA:72,31
DA:73,31
DA:74,31
DA:76,1
DA:77,1
DA:81,1
DA:82,1
DA:85,31
DA:87,31
DA:97,31
DA:103,1
DA:104,32
DA:106,32
DA:107,32
DA:108,32
DA:110,32
DA:112,32
DA:132,32
DA:135,1
DA:136,4
DA:138,3
DA:139,3
DA:140,3
DA:142,1
DA:143,1
DA:147,3
DA:148,3
DA:149,3
DA:151,1
DA:155,2
DA:157,2
DA:158,2
DA:165,0
DA:166,0
DA:167,0
DA:169,4
DA:172,4
DA:194,1
DA:195,4
DA:196,4
DA:199,1
DA:200,1
DA:202,1
DA:204,1
DA:205,1
DA:207,1
DA:208,1
DA:209,1
DA:211,1
DA:216,1
DA:217,1
DA:219,1
DA:221,1
DA:222,1
DA:224,1
DA:225,1
DA:226,1
DA:228,1
DA:234,1
DA:236,1
DA:237,1
DA:240,1
DA:241,1
DA:244,1
DA:245,1
DA:248,1
DA:249,2
DA:251,1
DA:252,1
DA:253,1
DA:255,1
DA:256,1
DA:259,1
DA:262,1
DA:263,2
DA:264,2
DA:266,1
DA:269,1
DA:271,1
DA:274,0
DA:277,1
DA:279,1
DA:291,1
DA:292,1
DA:301,1
DA:302,2
DA:305,1
DA:306,1
DA:307,1
DA:311,1
DA:312,1
DA:315,0
DA:317,0
DA:323,1
DA:324,1
DA:325,1
DA:330,0
DA:333,0
DA:337,0
DA:338,0
DA:342,1
DA:344,0
DA:345,0
DA:360,1
DA:361,1
DA:363,1
DA:372,1
DA:373,2
DA:378,2
DA:380,0
DA:382,0
DA:390,1
DA:391,0
DA:396,0
DA:398,0
DA:403,1
DA:404,0
DA:406,0
DA:408,0
DA:412,1
DA:413,3
DA:417,0
DA:418,0
DA:421,3
DA:422,3
DA:425,0
DA:428,0
DA:433,1
DA:434,1
DA:437,1
DA:438,1
DA:439,1
DA:441,0
DA:442,0
DA:443,0
DA:444,0
DA:450,1
DA:451,1
DA:453,0
DA:455,1
DA:456,1
DA:460,1
DA:461,3
DA:464,1
DA:465,2
DA:466,2
DA:467,2
DA:468,2
DA:469,2
DA:472,33
DA:473,33
DA:475,90
DA:477,0
DA:478,0
DA:479,0
DA:480,0
DA:484,4
DA:486,0
DA:487,0
DA:488,0
DA:489,0
DA:495,3
DA:497,1
DA:500,2
DA:501,2
DA:503,1
DA:506,1
DA:511,1
DA:512,3
DA:515,2
DA:517,1
DA:520,2
DA:524,1
DA:525,1
DA:526,1
DA:527,1
DA:530,1
LF:210
LH:173
BRDA:196,0,0,4
BRDA:196,0,1,0
BRDA:196,0,2,0
BRDA:375,1,0,2
BRDA:375,1,1,2
BRDA:393,2,0,0
BRDA:393,2,1,0
BRF:7
BRH:3
end_of_record
TN:
SF:/home/prashanth/IIMB/Avyantra/GITHUB/Avyantra_Codebase/01_Web_Portal/src/app/dashboard/basic/basic.component.ts
FN:22,BasicComponent
FN:25,(anonymous_2)
FN:26,(anonymous_3)
FNF:3
FNH:0
FNDA:0,BasicComponent
FNDA:0,(anonymous_2)
FNDA:0,(anonymous_3)
DA:21,1
DA:25,1
DA:26,1
DA:27,1
LF:4
LH:4
BRF:0
BRH:0
end_of_record
TN:
SF:/home/prashanth/IIMB/Avyantra/GITHUB/Avyantra_Codebase/01_Web_Portal/src/app/dashboard/final/final.component.ts
FN:58,FinalComponent
FN:73,(anonymous_2)
FN:79,(anonymous_3)
FN:104,(anonymous_4)
FN:151,(anonymous_5)
FN:216,(anonymous_6)
FN:233,(anonymous_7)
FN:292,(anonymous_8)
FN:295,(anonymous_9)
FN:299,(anonymous_10)
FN:311,(anonymous_11)
FN:351,(anonymous_12)
FN:410,(anonymous_13)
FN:422,(anonymous_14)
FN:440,(anonymous_15)
FN:453,(anonymous_16)
FN:462,(anonymous_17)
FN:472,(anonymous_18)
FN:476,(anonymous_19)
FN:481,(anonymous_20)
FN:487,(anonymous_21)
FN:491,(anonymous_22)
FN:492,(anonymous_23)
FN:510,(anonymous_24)
FN:527,(anonymous_25)
FN:541,(anonymous_26)
FN:545,(anonymous_27)
FN:549,(anonymous_28)
FN:558,(anonymous_29)
FN:572,(anonymous_30)
FN:578,(anonymous_31)
FN:622,(anonymous_32)
FNF:32
FNH:25
FNDA:23,FinalComponent
FNDA:3,(anonymous_2)
FNDA:25,(anonymous_3)
FNDA:25,(anonymous_4)
FNDA:2,(anonymous_5)
FNDA:5,(anonymous_6)
FNDA:6,(anonymous_7)
FNDA:1,(anonymous_8)
FNDA:1,(anonymous_9)
FNDA:2,(anonymous_10)
FNDA:2,(anonymous_11)
FNDA:3,(anonymous_12)
FNDA:1,(anonymous_13)
FNDA:6,(anonymous_14)
FNDA:2,(anonymous_15)
FNDA:0,(anonymous_16)
FNDA:1,(anonymous_17)
FNDA:0,(anonymous_18)
FNDA:0,(anonymous_19)
FNDA:1,(anonymous_20)
FNDA:1,(anonymous_21)
FNDA:25,(anonymous_22)
FNDA:61,(anonymous_23)
FNDA:2,(anonymous_24)
FNDA:0,(anonymous_25)
FNDA:3,(anonymous_26)
FNDA:1,(anonymous_27)
FNDA:0,(anonymous_28)
FNDA:0,(anonymous_29)
FNDA:0,(anonymous_30)
FNDA:2,(anonymous_31)
FNDA:9,(anonymous_32)
DA:21,1
DA:24,23
DA:25,23
DA:26,23
DA:27,23
DA:28,23
DA:29,23
DA:30,23
DA:31,23
DA:32,23
DA:33,23
DA:34,23
DA:38,1
DA:39,1
DA:43,23
DA:48,23
DA:52,1
DA:54,23
DA:55,23
DA:59,23
DA:60,23
DA:61,23
DA:62,23
DA:63,23
DA:64,23
DA:65,23
DA:66,23
DA:67,23
DA:70,23
DA:73,1
DA:75,1
DA:79,1
DA:80,25
DA:81,25
DA:82,25
DA:83,25
DA:84,25
DA:85,25
DA:86,25
DA:88,1
DA:89,1
DA:94,1
DA:95,1
DA:96,1
DA:100,25
DA:101,25
DA:104,1
DA:105,25
DA:107,25
DA:108,25
DA:110,25
DA:151,1
DA:152,2
DA:154,1
DA:157,1
DA:161,1
DA:162,1
DA:163,1
DA:165,1
DA:166,1
DA:167,1
DA:171,1
DA:173,1
DA:176,2
DA:216,1
DA:217,5
DA:218,5
DA:220,2
DA:221,1
DA:222,1
DA:223,1
DA:225,1
DA:227,1
DA:228,1
DA:233,1
DA:234,6
DA:235,6
DA:239,1
DA:240,1
DA:244,1
DA:245,1
DA:253,1
DA:254,1
DA:257,1
DA:259,1
DA:260,1
DA:262,1
DA:263,1
DA:264,1
DA:265,1
DA:273,1
DA:274,1
DA:277,1
DA:279,1
DA:280,1
DA:282,1
DA:283,1
DA:284,1
DA:285,1
DA:292,1
DA:293,1
DA:295,1
DA:296,1
DA:299,1
DA:300,2
DA:302,1
DA:303,1
DA:304,1
DA:306,1
DA:307,1
DA:311,1
DA:312,2
DA:313,2
DA:314,2
DA:316,1
DA:320,1
DA:324,1
DA:328,1
DA:339,1
DA:340,1
DA:342,1
DA:351,1
DA:352,3
DA:355,1
DA:359,1
DA:360,1
DA:361,1
DA:362,1
DA:365,0
DA:367,0
DA:373,1
DA:374,1
DA:375,1
DA:380,1
DA:383,1
DA:387,1
DA:388,1
DA:392,2
DA:394,0
DA:395,0
DA:410,1
DA:411,1
DA:413,1
DA:422,1
DA:423,6
DA:428,4
DA:430,1
DA:432,1
DA:440,1
DA:441,2
DA:446,1
DA:448,1
DA:453,1
DA:454,0
DA:456,0
DA:458,0
DA:462,1
DA:463,1
DA:467,0
DA:468,0
DA:470,1
DA:471,1
DA:473,0
DA:474,0
DA:477,0
DA:481,1
DA:482,1
DA:483,1
DA:484,1
DA:487,1
DA:488,1
DA:491,25
DA:492,25
DA:494,59
DA:496,0
DA:497,0
DA:501,2
DA:503,0
DA:504,0
DA:510,2
DA:511,2
DA:512,2
DA:513,2
DA:515,2
DA:519,0
DA:523,0
DA:526,0
DA:529,0
DA:531,0
DA:535,0
DA:536,0
DA:541,1
DA:542,3
DA:545,1
DA:546,1
DA:549,1
DA:550,0
DA:551,0
DA:553,0
DA:554,0
DA:555,0
DA:556,0
DA:557,0
DA:560,0
DA:561,0
DA:563,0
DA:564,0
DA:565,0
DA:567,0
DA:568,0
DA:569,0
DA:573,0
DA:578,1
DA:579,2
DA:580,2
DA:581,2
DA:582,2
DA:584,1
DA:585,1
DA:588,1
DA:589,1
DA:592,1
DA:593,1
DA:596,0
DA:597,0
DA:600,1
DA:601,1
DA:604,1
DA:605,1
DA:608,1
DA:609,1
DA:612,1
DA:613,1
DA:616,1
DA:617,1
DA:619,1
DA:622,1
DA:624,7
DA:627,2
DA:631,1
LF:240
LH:199
BRDA:235,0,0,6
BRDA:235,0,1,0
BRDA:235,0,2,0
BRDA:425,1,0,6
BRDA:425,1,1,5
BRDA:443,2,0,2
BRDA:443,2,1,1
BRF:7
BRH:5
end_of_record
TN:
SF:/home/prashanth/IIMB/Avyantra/GITHUB/Avyantra_Codebase/01_Web_Portal/src/app/dashboard/general/general.component.ts
FN:91,GeneralComponent
FN:98,(anonymous_2)
FN:105,(anonymous_3)
FN:111,(anonymous_4)
FN:136,(anonymous_5)
FN:141,(anonymous_6)
FN:146,(anonymous_7)
FN:155,(anonymous_8)
FN:178,(anonymous_9)
FN:184,(anonymous_10)
FN:189,(anonymous_11)
FN:198,(anonymous_12)
FN:216,(anonymous_13)
FN:227,(anonymous_14)
FN:312,(anonymous_15)
FN:524,(anonymous_16)
FN:785,(anonymous_17)
FN:803,(anonymous_18)
FN:807,(anonymous_19)
FN:811,(anonymous_20)
FN:894,(anonymous_21)
FN:910,(anonymous_22)
FN:922,(anonymous_23)
FN:986,(anonymous_24)
FN:1014,(anonymous_25)
FN:1027,(anonymous_26)
FN:1045,(anonymous_27)
FN:1058,(anonymous_28)
FN:1068,(anonymous_29)
FN:1079,(anonymous_30)
FN:1086,(anonymous_31)
FN:1092,(anonymous_32)
FN:1136,(anonymous_33)
FN:1212,(anonymous_34)
FN:1225,(anonymous_35)
FN:1250,(anonymous_36)
FNF:36
FNH:25
FNDA:30,GeneralComponent
FNDA:0,(anonymous_2)
FNDA:30,(anonymous_3)
FNDA:1,(anonymous_4)
FNDA:1,(anonymous_5)
FNDA:0,(anonymous_6)
FNDA:3,(anonymous_7)
FNDA:30,(anonymous_8)
FNDA:30,(anonymous_9)
FNDA:0,(anonymous_10)
FNDA:1,(anonymous_11)
FNDA:1,(anonymous_12)
FNDA:2,(anonymous_13)
FNDA:20,(anonymous_14)
FNDA:4,(anonymous_15)
FNDA:21,(anonymous_16)
FNDA:1,(anonymous_17)
FNDA:0,(anonymous_18)
FNDA:1,(anonymous_19)
FNDA:1,(anonymous_20)
FNDA:0,(anonymous_21)
FNDA:0,(anonymous_22)
FNDA:1,(anonymous_23)
FNDA:1,(anonymous_24)
FNDA:0,(anonymous_25)
FNDA:3,(anonymous_26)
FNDA:3,(anonymous_27)
FNDA:2,(anonymous_28)
FNDA:31,(anonymous_29)
FNDA:0,(anonymous_30)
FNDA:0,(anonymous_31)
FNDA:2,(anonymous_32)
FNDA:1,(anonymous_33)
FNDA:0,(anonymous_34)
FNDA:0,(anonymous_35)
FNDA:1,(anonymous_36)
DA:26,1
DA:28,30
DA:29,30
DA:30,30
DA:31,30
DA:32,30
DA:34,1
DA:37,30
DA:39,30
DA:40,30
DA:41,30
DA:42,30
DA:44,30
DA:46,30
DA:47,30
DA:48,30
DA:50,30
DA:51,30
DA:52,30
DA:53,30
DA:54,30
DA:55,30
DA:56,30
DA:57,30
DA:58,30
DA:59,30
DA:60,30
DA:61,30
DA:62,30
DA:63,30
DA:64,30
DA:65,30
DA:66,30
DA:67,30
DA:68,30
DA:70,30
DA:74,30
DA:76,30
DA:77,30
DA:79,30
DA:80,30
DA:83,30
DA:84,30
DA:85,30
DA:89,30
DA:91,30
DA:92,30
DA:93,30
DA:94,30
DA:95,30
DA:96,30
DA:98,30
DA:100,0
DA:105,1
DA:107,30
DA:111,1
DA:112,1
DA:113,1
DA:114,1
DA:117,1
DA:118,1
DA:119,1
DA:120,1
DA:121,1
DA:123,1
DA:124,1
DA:125,1
DA:126,1
DA:127,1
DA:128,1
DA:131,1
DA:132,1
DA:133,1
DA:136,1
DA:137,1
DA:138,0
DA:141,1
DA:142,0
DA:146,1
DA:148,0
DA:151,0
DA:155,1
DA:156,30
DA:157,30
DA:158,30
DA:160,30
DA:161,30
DA:162,30
DA:163,30
DA:164,30
DA:166,30
DA:167,30
DA:168,30
DA:169,30
DA:170,30
DA:171,30
DA:175,30
DA:178,30
DA:179,30
DA:180,30
DA:181,0
DA:184,30
DA:185,0
DA:189,1
DA:190,1
DA:191,1
DA:192,1
DA:193,1
DA:194,1
DA:195,1
DA:198,1
DA:199,1
DA:201,1
DA:203,0
DA:205,1
DA:208,0
DA:209,0
DA:216,1
DA:217,2
DA:218,2
DA:221,100
DA:224,2
DA:227,1
DA:228,20
DA:229,20
DA:231,20
DA:232,20
DA:233,20
DA:234,20
DA:235,20
DA:236,20
DA:237,20
DA:238,20
DA:239,20
DA:240,20
DA:241,20
DA:242,20
DA:243,20
DA:245,20
DA:312,1
DA:313,4
DA:315,0
DA:316,0
DA:318,0
DA:319,0
DA:320,0
DA:324,4
DA:325,4
DA:326,4
DA:329,4
DA:331,4
DA:338,2
DA:339,2
DA:341,2
DA:342,2
DA:344,2
DA:348,2
DA:349,2
DA:350,2
DA:354,2
DA:355,2
DA:362,2
DA:363,2
DA:364,2
DA:366,2
DA:367,2
DA:368,2
DA:372,2
DA:374,2
DA:378,2
DA:380,2
DA:384,2
DA:386,2
DA:390,2
DA:392,2
DA:396,2
DA:398,2
DA:402,2
DA:404,2
DA:408,2
DA:410,2
DA:414,2
DA:416,2
DA:420,2
DA:422,2
DA:426,2
DA:428,2
DA:432,2
DA:434,2
DA:437,2
DA:439,2
DA:443,0
DA:444,0
DA:445,0
DA:447,0
DA:448,0
DA:449,0
DA:452,2
DA:453,2
DA:454,2
DA:456,4
DA:457,4
DA:524,1
DA:525,21
DA:526,21
DA:530,1
DA:531,1
DA:534,1
DA:535,1
DA:536,1
DA:538,1
DA:540,1
DA:543,1
DA:544,1
DA:550,1
DA:551,1
DA:554,1
DA:555,1
DA:556,1
DA:558,1
DA:559,1
DA:562,1
DA:563,1
DA:569,1
DA:570,1
DA:574,1
DA:575,1
DA:583,1
DA:584,1
DA:587,1
DA:590,1
DA:591,1
DA:593,1
DA:594,1
DA:595,1
DA:596,1
DA:598,1
DA:599,1
DA:600,1
DA:601,1
DA:602,1
DA:603,1
DA:606,1
DA:614,1
DA:615,1
DA:618,1
DA:619,1
DA:620,1
DA:622,1
DA:623,1
DA:626,1
DA:627,1
DA:633,1
DA:634,1
DA:637,1
DA:638,1
DA:639,1
DA:641,0
DA:642,0
DA:645,0
DA:646,0
DA:652,1
DA:653,1
DA:656,1
DA:657,1
DA:658,1
DA:660,0
DA:661,0
DA:664,0
DA:665,0
DA:671,1
DA:672,1
DA:675,1
DA:676,1
DA:677,1
DA:679,0
DA:680,0
DA:683,0
DA:684,0
DA:690,1
DA:691,1
DA:694,1
DA:695,1
DA:696,1
DA:698,1
DA:699,1
DA:700,1
DA:703,0
DA:704,0
DA:707,0
DA:708,0
DA:714,1
DA:715,1
DA:718,1
DA:719,1
DA:720,1
DA:722,1
DA:723,1
DA:726,1
DA:727,1
DA:733,1
DA:734,1
DA:738,0
DA:739,0
DA:747,1
DA:748,1
DA:751,1
DA:752,1
DA:753,1
DA:755,1
DA:756,1
DA:759,1
DA:760,1
DA:766,1
DA:767,1
DA:770,1
DA:771,1
DA:772,1
DA:774,1
DA:775,1
DA:778,1
DA:779,1
DA:785,1
DA:786,1
DA:787,1
DA:789,1
DA:790,1
DA:791,1
DA:792,1
DA:793,1
DA:794,1
DA:796,0
DA:797,0
DA:798,0
DA:799,0
DA:800,0
DA:803,1
DA:807,1
DA:808,1
DA:811,1
DA:812,1
DA:813,1
DA:814,1
DA:815,1
DA:817,1
DA:818,1
DA:819,1
DA:820,1
DA:821,1
DA:823,1
DA:827,0
DA:831,0
DA:835,0
DA:839,0
DA:843,0
DA:847,0
DA:851,0
DA:855,0
DA:859,0
DA:863,0
DA:867,0
DA:871,0
DA:875,0
DA:878,0
DA:881,0
DA:883,0
DA:884,0
DA:885,0
DA:887,0
DA:893,0
DA:896,0
DA:897,0
DA:900,0
DA:901,0
DA:902,0
DA:903,0
DA:904,0
DA:905,0
DA:906,0
DA:907,0
DA:911,0
DA:922,1
DA:923,1
DA:926,0
DA:927,0
DA:928,0
DA:932,0
DA:933,0
DA:934,0
DA:935,0
DA:936,0
DA:937,0
DA:938,0
DA:941,0
DA:943,1
DA:952,0
DA:953,0
DA:958,0
DA:959,0
DA:963,0
DA:966,0
DA:970,0
DA:971,0
DA:975,0
DA:977,0
DA:978,0
DA:986,1
DA:988,0
DA:989,0
DA:990,0
DA:991,0
DA:993,1
DA:994,1
DA:995,1
DA:996,1
DA:999,1
DA:1000,1
DA:1001,1
DA:1002,1
DA:1014,1
DA:1015,0
DA:1016,0
DA:1018,0
DA:1027,1
DA:1028,3
DA:1033,0
DA:1035,0
DA:1037,3
DA:1045,1
DA:1046,3
DA:1051,0
DA:1053,3
DA:1058,1
DA:1059,2
DA:1060,2
DA:1062,0
DA:1064,2
DA:1068,1
DA:1069,31
DA:1073,30
DA:1074,30
DA:1077,31
DA:1078,31
DA:1081,0
DA:1082,0
DA:1084,0
DA:1087,0
DA:1092,1
DA:1093,2
DA:1097,1
DA:1098,1
DA:1102,1
DA:1103,1
DA:1104,1
DA:1106,0
DA:1107,0
DA:1110,0
DA:1111,0
DA:1117,1
DA:1118,1
DA:1121,1
DA:1123,1
DA:1124,1
DA:1126,0
DA:1127,0
DA:1130,0
DA:1131,0
DA:1136,1
DA:1137,1
DA:1138,1
DA:1139,1
DA:1140,1
DA:1142,1
DA:1143,1
DA:1144,1
DA:1145,1
DA:1146,1
DA:1148,1
DA:1152,0
DA:1156,0
DA:1160,0
DA:1164,0
DA:1168,0
DA:1172,0
DA:1176,0
DA:1180,0
DA:1184,0
DA:1188,0
DA:1192,0
DA:1196,0
DA:1200,0
DA:1203,0
DA:1206,0
DA:1208,0
DA:1209,0
DA:1210,0
DA:1212,0
DA:1214,0
DA:1217,0
DA:1218,0
DA:1219,0
DA:1220,0
DA:1225,1
DA:1226,0
DA:1228,0
DA:1229,0
DA:1230,0
DA:1232,0
DA:1233,0
DA:1234,0
DA:1238,0
DA:1240,0
DA:1241,0
DA:1242,0
DA:1250,1
DA:1252,1
DA:1255,1
DA:1258,1
LF:518
LH:363
BRDA:116,0,0,1
BRDA:116,0,1,1
BRDA:130,1,0,1
BRDA:130,1,1,0
BRDA:137,2,0,0
BRDA:137,2,1,1
BRDA:159,3,0,30
BRDA:159,3,1,30
BRDA:173,4,0,30
BRDA:173,4,1,0
BRDA:180,5,0,0
BRDA:180,5,1,30
BRDA:526,6,0,21
BRDA:526,6,1,0
BRDA:526,6,2,0
BRDA:950,7,0,0
BRDA:950,7,1,0
BRDA:1030,8,0,3
BRDA:1030,8,1,0
BRDA:1048,9,0,3
BRDA:1048,9,1,0
BRDA:1227,10,0,0
BRDA:1227,10,1,0
BRDA:1227,10,2,0
BRDA:1227,10,3,0
BRF:25
BRH:11
end_of_record
TN:
SF:/home/prashanth/IIMB/Avyantra/GITHUB/Avyantra_Codebase/01_Web_Portal/src/app/dashboard/level/level.component.ts
FN:17,LevelComponent
FN:21,(anonymous_2)
FN:33,(anonymous_3)
FN:52,(anonymous_4)
FN:64,(anonymous_5)
FN:77,(anonymous_6)
FN:87,(anonymous_7)
FN:118,(anonymous_11)
FN:126,(anonymous_12)
FN:134,(anonymous_13)
FN:145,(anonymous_14)
FNF:11
FNH:8
FNDA:6,LevelComponent
FNDA:6,(anonymous_2)
FNDA:0,(anonymous_3)
FNDA:0,(anonymous_4)
FNDA:3,(anonymous_5)
FNDA:2,(anonymous_6)
FNDA:0,(anonymous_7)
FNDA:1,(anonymous_11)
FNDA:1,(anonymous_12)
FNDA:1,(anonymous_13)
FNDA:1,(anonymous_14)
DA:9,1
DA:10,6
DA:11,1
DA:12,6
DA:13,6
DA:14,6
DA:18,6
DA:19,6
DA:21,1
DA:22,6
DA:23,6
DA:33,1
DA:34,0
DA:37,0
DA:38,0
DA:40,0
DA:52,1
DA:53,0
DA:55,0
DA:64,1
DA:65,3
DA:67,1
DA:69,2
DA:77,1
DA:78,2
DA:80,1
DA:82,1
DA:87,1
DA:88,0
DA:90,0
DA:92,0
DA:100,1
DA:118,1
DA:119,1
DA:121,0
DA:122,0
DA:126,1
DA:127,1
DA:128,1
DA:130,1
DA:131,1
DA:134,1
DA:135,1
DA:136,1
DA:137,1
DA:138,1
DA:139,1
DA:140,1
DA:141,1
DA:142,1
DA:145,1
DA:146,1
DA:147,1
DA:149,1
LF:54
LH:43
BRDA:66,0,0,3
BRDA:66,0,1,2
BRDA:79,1,0,2
BRDA:79,1,1,1
BRDA:137,2,0,0
BRDA:137,2,1,1
BRDA:139,3,0,0
BRDA:139,3,1,1
BRDA:140,4,0,1
BRDA:140,4,1,0
BRF:10
BRH:7
end_of_record
TN:
SF:/home/prashanth/IIMB/Avyantra/GITHUB/Avyantra_Codebase/01_Web_Portal/src/app/dashboard/maternal/maternal.component.ts
FN:60,MaternalComponent
FN:73,(anonymous_2)
FN:94,(anonymous_3)
FN:146,(anonymous_4)
FN:168,(anonymous_5)
FN:173,(anonymous_6)
FN:177,(anonymous_7)
FN:191,(anonymous_8)
FN:367,(anonymous_9)
FN:490,(anonymous_10)
FN:502,(anonymous_11)
FN:505,(anonymous_12)
FN:508,(anonymous_13)
FN:525,(anonymous_14)
FN:593,(anonymous_15)
FN:606,(anonymous_16)
FN:624,(anonymous_17)
FN:637,(anonymous_18)
FN:651,(anonymous_19)
FN:662,(anonymous_20)
FN:670,(anonymous_21)
FN:676,(anonymous_22)
FN:748,(anonymous_23)
FN:754,(anonymous_24)
FN:766,(anonymous_25)
FN:770,(anonymous_26)
FN:774,(anonymous_27)
FNF:27
FNH:20
FNDA:49,MaternalComponent
FNDA:49,(anonymous_2)
FNDA:49,(anonymous_3)
FNDA:53,(anonymous_4)
FNDA:1,(anonymous_5)
FNDA:2,(anonymous_6)
FNDA:2,(anonymous_7)
FNDA:3,(anonymous_8)
FNDA:16,(anonymous_9)
FNDA:1,(anonymous_10)
FNDA:0,(anonymous_11)
FNDA:0,(anonymous_12)
FNDA:1,(anonymous_13)
FNDA:3,(anonymous_14)
FNDA:1,(anonymous_15)
FNDA:3,(anonymous_16)
FNDA:0,(anonymous_17)
FNDA:0,(anonymous_18)
FNDA:50,(anonymous_19)
FNDA:0,(anonymous_20)
FNDA:0,(anonymous_21)
FNDA:17,(anonymous_22)
FNDA:1,(anonymous_23)
FNDA:0,(anonymous_24)
FNDA:16,(anonymous_25)
FNDA:21,(anonymous_26)
FNDA:1,(anonymous_27)
DA:19,1
DA:22,49
DA:23,49
DA:24,49
DA:25,49
DA:26,49
DA:30,49
DA:31,49
DA:32,49
DA:33,49
DA:34,49
DA:35,49
DA:36,49
DA:37,49
DA:38,49
DA:39,49
DA:40,49
DA:41,49
DA:42,49
DA:43,49
DA:44,49
DA:46,49
DA:48,49
DA:50,1
DA:51,1
DA:55,49
DA:56,49
DA:57,49
DA:61,49
DA:62,49
DA:63,49
DA:64,49
DA:65,49
DA:66,49
DA:67,49
DA:68,49
DA:70,49
DA:73,1
DA:74,49
DA:75,49
DA:76,49
DA:78,49
DA:79,49
DA:80,49
DA:82,49
DA:83,49
DA:84,49
DA:85,49
DA:86,49
DA:88,49
DA:89,49
DA:91,49
DA:94,1
DA:95,49
DA:97,49
DA:98,49
DA:99,49
DA:100,49
DA:101,49
DA:102,49
DA:103,49
DA:104,49
DA:105,49
DA:106,49
DA:146,1
DA:147,53
DA:149,53
DA:150,53
DA:151,53
DA:153,6
DA:155,47
DA:157,53
DA:160,2
DA:163,51
DA:168,1
DA:169,1
DA:170,1
DA:171,1
DA:173,1
DA:174,2
DA:177,1
DA:178,2
DA:179,2
DA:181,1
DA:182,1
DA:183,1
DA:185,1
DA:186,1
DA:187,1
DA:191,1
DA:192,3
DA:195,2
DA:196,2
DA:198,1
DA:199,1
DA:203,2
DA:204,2
DA:206,1
DA:207,1
DA:211,2
DA:212,2
DA:214,1
DA:215,1
DA:219,2
DA:220,2
DA:222,1
DA:223,1
DA:227,2
DA:228,2
DA:230,1
DA:231,1
DA:235,2
DA:236,2
DA:238,1
DA:239,1
DA:243,2
DA:244,2
DA:246,1
DA:247,1
DA:250,2
DA:251,2
DA:252,2
DA:253,2
DA:255,1
DA:256,1
DA:257,1
DA:258,1
DA:262,2
DA:263,2
DA:264,2
DA:265,2
DA:268,1
DA:269,1
DA:270,1
DA:271,1
DA:275,2
DA:276,2
DA:277,2
DA:278,2
DA:280,1
DA:281,1
DA:282,1
DA:283,1
DA:287,2
DA:288,2
DA:289,2
DA:290,2
DA:292,1
DA:293,1
DA:294,1
DA:295,1
DA:299,2
DA:300,2
DA:301,2
DA:302,2
DA:303,2
DA:307,1
DA:308,1
DA:309,1
DA:311,1
DA:313,1
DA:319,2
DA:322,3
DA:367,1
DA:368,16
DA:369,16
DA:373,1
DA:374,1
DA:375,1
DA:376,1
DA:378,1
DA:379,1
DA:380,1
DA:387,1
DA:388,1
DA:389,1
DA:390,1
DA:392,1
DA:393,1
DA:394,1
DA:401,1
DA:402,1
DA:403,1
DA:404,1
DA:406,1
DA:407,1
DA:408,1
DA:415,1
DA:416,1
DA:417,1
DA:418,1
DA:420,1
DA:421,1
DA:422,1
DA:429,1
DA:430,1
DA:431,1
DA:432,1
DA:434,1
DA:435,1
DA:436,1
DA:443,1
DA:444,1
DA:445,1
DA:446,1
DA:448,1
DA:449,1
DA:450,1
DA:457,1
DA:458,1
DA:459,1
DA:460,1
DA:462,1
DA:463,1
DA:464,1
DA:470,1
DA:471,1
DA:474,1
DA:476,1
DA:477,1
DA:479,1
DA:480,1
DA:483,1
DA:484,1
DA:490,1
DA:492,1
DA:493,1
DA:495,1
DA:496,0
DA:497,0
DA:498,0
DA:500,0
DA:501,0
DA:503,0
DA:504,0
DA:505,0
DA:508,1
DA:509,1
DA:510,1
DA:513,31
DA:516,1
DA:525,1
DA:526,3
DA:529,2
DA:530,2
DA:532,1
DA:533,1
DA:536,1
DA:540,1
DA:541,1
DA:542,1
DA:547,0
DA:549,0
DA:555,1
DA:556,1
DA:560,0
DA:563,0
DA:566,0
DA:570,0
DA:571,0
DA:575,1
DA:577,0
DA:578,0
DA:593,1
DA:594,1
DA:596,1
DA:606,1
DA:607,3
DA:612,1
DA:614,2
DA:616,0
DA:624,1
DA:625,0
DA:630,0
DA:632,0
DA:637,1
DA:638,0
DA:640,0
DA:642,0
DA:651,1
DA:652,50
DA:656,49
DA:657,49
DA:660,50
DA:661,50
DA:663,0
DA:664,0
DA:665,0
DA:667,0
DA:671,0
DA:676,1
DA:677,17
DA:678,17
DA:681,2
DA:682,2
DA:683,2
DA:684,2
DA:686,0
DA:687,0
DA:691,2
DA:692,2
DA:693,2
DA:694,2
DA:695,2
DA:701,2
DA:702,2
DA:703,2
DA:704,2
DA:706,0
DA:709,2
DA:710,2
DA:711,2
DA:712,2
DA:713,2
DA:719,2
DA:720,2
DA:721,2
DA:722,2
DA:725,2
DA:726,2
DA:727,2
DA:734,2
DA:735,2
DA:736,2
DA:737,2
DA:740,3
DA:741,3
DA:742,3
DA:748,1
DA:749,1
DA:750,1
DA:751,1
DA:753,0
DA:754,0
DA:756,0
DA:758,0
DA:759,0
DA:760,0
DA:766,1
DA:767,16
DA:768,16
DA:770,1
DA:771,21
DA:772,21
DA:774,1
DA:776,1
DA:779,1
DA:782,1
DA:785,1
DA:788,1
DA:791,1
DA:794,1
DA:797,1
DA:800,1
DA:803,1
DA:806,1
DA:809,0
DA:812,1
LF:358
LH:319
BRDA:77,0,0,49
BRDA:77,0,1,49
BRDA:87,1,0,49
BRDA:87,1,1,0
BRDA:159,2,0,53
BRDA:159,2,1,8
BRDA:318,3,0,3
BRDA:318,3,1,2
BRDA:369,4,0,16
BRDA:369,4,1,0
BRDA:369,4,2,0
BRDA:609,5,0,3
BRDA:609,5,1,3
BRDA:627,6,0,0
BRDA:627,6,1,0
BRDA:685,7,0,2
BRDA:685,7,1,0
BRDA:705,8,0,2
BRDA:705,8,1,0
BRF:19
BRH:12
end_of_record
TN:
SF:/home/prashanth/IIMB/Avyantra/GITHUB/Avyantra_Codebase/01_Web_Portal/src/app/dashboard/search/search.component.ts
FN:37,SearchComponent
FN:45,(anonymous_2)
FN:49,(anonymous_3)
FN:52,(anonymous_4)
FN:58,(anonymous_5)
FN:93,(anonymous_9)
FN:96,(anonymous_10)
FN:105,(anonymous_11)
FN:108,(anonymous_12)
FN:112,(anonymous_13)
FN:117,(anonymous_14)
FN:128,(anonymous_15)
FN:165,(anonymous_16)
FN:177,(anonymous_17)
FN:193,(anonymous_18)
FN:206,(anonymous_19)
FN:215,(anonymous_20)
FN:222,(anonymous_21)
FNF:18
FNH:14
FNDA:22,SearchComponent
FNDA:22,(anonymous_2)
FNDA:23,(anonymous_3)
FNDA:22,(anonymous_4)
FNDA:22,(anonymous_5)
FNDA:0,(anonymous_9)
FNDA:0,(anonymous_10)
FNDA:1,(anonymous_11)
FNDA:1,(anonymous_12)
FNDA:1,(anonymous_13)
FNDA:0,(anonymous_14)
FNDA:4,(anonymous_15)
FNDA:1,(anonymous_16)
FNDA:6,(anonymous_17)
FNDA:2,(anonymous_18)
FNDA:2,(anonymous_19)
FNDA:0,(anonymous_20)
FNDA:1,(anonymous_21)
DA:20,1
DA:22,22
DA:23,22
DA:24,22
DA:25,22
DA:26,22
DA:28,22
DA:29,22
DA:30,22
DA:31,22
DA:34,22
DA:36,22
DA:38,22
DA:39,22
DA:40,22
DA:41,22
DA:42,22
DA:45,22
DA:46,22
DA:47,22
DA:48,22
DA:49,22
DA:50,23
DA:52,22
DA:54,0
DA:58,1
DA:59,22
DA:69,1
DA:70,0
DA:71,0
DA:73,0
DA:76,0
DA:77,0
DA:78,0
DA:91,0
DA:92,0
DA:94,0
DA:97,0
DA:101,0
DA:102,0
DA:105,1
DA:106,1
DA:108,1
DA:109,1
DA:112,1
DA:113,1
DA:114,1
DA:118,0
DA:128,1
DA:129,4
DA:131,2
DA:133,1
DA:134,1
DA:135,1
DA:137,1
DA:138,1
DA:142,1
DA:146,1
DA:147,1
DA:151,1
DA:152,1
DA:165,1
DA:166,1
DA:168,1
DA:177,1
DA:178,6
DA:183,3
DA:185,3
DA:193,1
DA:194,2
DA:199,1
DA:201,1
DA:206,1
DA:207,2
DA:209,1
DA:211,1
DA:215,1
DA:216,0
DA:222,1
DA:223,1
DA:224,1
DA:225,1
DA:226,1
DA:227,1
DA:228,1
DA:229,1
DA:230,1
DA:231,1
DA:232,1
DA:233,1
DA:234,1
DA:238,1
DA:240,0
DA:243,1
DA:245,0
DA:247,1
DA:248,1
DA:250,1
LF:98
LH:81
BRDA:76,0,0,0
BRDA:76,0,1,0
BRDA:180,1,0,6
BRDA:180,1,1,5
BRDA:196,2,0,2
BRDA:196,2,1,1
BRF:6
BRH:4
end_of_record
TN:
SF:/home/prashanth/IIMB/Avyantra/GITHUB/Avyantra_Codebase/01_Web_Portal/src/app/dashboard/user-info/user-info.component.ts
FN:19,(anonymous_2)
FNF:1
FNH:1
FNDA:1,(anonymous_2)
DA:11,1
DA:19,1
DA:38,1
LF:3
LH:3
BRF:0
BRH:0
end_of_record
TN:
SF:/home/prashanth/IIMB/Avyantra/GITHUB/Avyantra_Codebase/01_Web_Portal/src/app/forget/forget.component.ts
FN:23,ForgetComponent
FN:34,(anonymous_2)
FN:46,(anonymous_3)
FN:51,(anonymous_4)
FN:82,(anonymous_5)
FN:95,(anonymous_6)
FN:99,(anonymous_7)
FNF:7
FNH:5
FNDA:9,ForgetComponent
FNDA:9,(anonymous_2)
FNDA:10,(anonymous_3)
FNDA:9,(anonymous_4)
FNDA:1,(anonymous_5)
FNDA:0,(anonymous_6)
FNDA:0,(anonymous_7)
DA:15,1
DA:18,9
DA:19,9
DA:20,9
DA:21,9
DA:24,9
DA:25,9
DA:26,9
DA:27,9
DA:28,9
DA:34,1
DA:35,9
DA:36,9
DA:37,9
DA:38,9
DA:39,9
DA:46,1
DA:47,10
DA:51,1
DA:52,9
DA:82,1
DA:84,1
DA:90,0
DA:92,1
DA:95,1
DA:97,0
DA:99,0
DA:101,0
DA:103,0
DA:107,1
LF:30
LH:25
BRDA:86,0,0,1
BRDA:86,0,1,0
BRDA:86,0,2,0
BRF:3
BRH:1
end_of_record
TN:
SF:/home/prashanth/IIMB/Avyantra/GITHUB/Avyantra_Codebase/01_Web_Portal/src/app/hospital-branch/hospital-branch.component.ts
FN:28,HospitalBranchComponent
FN:30,(anonymous_2)
FN:38,(anonymous_3)
FN:57,(anonymous_4)
FN:64,(anonymous_5)
FN:65,(anonymous_6)
FN:78,(anonymous_7)
FN:85,(anonymous_8)
FN:86,(anonymous_9)
FN:97,(anonymous_10)
FN:102,(anonymous_11)
FN:106,(anonymous_12)
FN:116,(anonymous_13)
FNF:13
FNH:10
FNDA:12,HospitalBranchComponent
FNDA:12,(anonymous_2)
FNDA:12,(anonymous_3)
FNDA:1,(anonymous_4)
FNDA:1,(anonymous_5)
FNDA:0,(anonymous_6)
FNDA:1,(anonymous_7)
FNDA:12,(anonymous_8)
FNDA:0,(anonymous_9)
FNDA:12,(anonymous_10)
FNDA:1,(anonymous_11)
FNDA:1,(anonymous_12)
FNDA:0,(anonymous_13)
DA:14,1
DA:17,12
DA:18,12
DA:21,12
DA:22,12
DA:25,12
DA:26,12
DA:27,12
DA:28,12
DA:30,1
DA:31,12
DA:32,12
DA:33,12
DA:34,12
DA:35,12
DA:38,1
DA:39,12
DA:40,12
DA:41,12
DA:57,1
DA:59,1
DA:61,0
DA:64,1
DA:65,1
DA:67,0
DA:68,0
DA:69,0
DA:70,0
DA:73,0
DA:78,1
DA:79,1
DA:80,1
DA:81,1
DA:82,1
DA:85,12
DA:86,12
DA:88,0
DA:91,0
DA:92,0
DA:97,1
DA:98,12
DA:99,12
DA:102,1
DA:103,1
DA:106,1
DA:108,0
DA:111,0
DA:116,1
DA:118,0
DA:121,0
DA:122,0
DA:126,1
LF:52
LH:38
BRF:0
BRH:0
end_of_record
TN:
SF:/home/prashanth/IIMB/Avyantra/GITHUB/Avyantra_Codebase/01_Web_Portal/src/app/hospital-connect/hospital-connect.component.ts
FN:21,HospitalConnectComponent
FN:23,(anonymous_2)
FN:30,(anonymous_3)
FN:34,(anonymous_4)
FN:35,(anonymous_5)
FN:42,(anonymous_6)
FN:43,(anonymous_7)
FN:51,(anonymous_8)
FN:62,(anonymous_9)
FN:67,(anonymous_10)
FN:71,(anonymous_11)
FN:73,(anonymous_12)
FN:82,(anonymous_13)
FN:97,(anonymous_14)
FN:106,(anonymous_15)
FNF:15
FNH:12
FNDA:4,HospitalConnectComponent
FNDA:4,(anonymous_2)
FNDA:4,(anonymous_3)
FNDA:1,(anonymous_4)
FNDA:0,(anonymous_5)
FNDA:4,(anonymous_6)
FNDA:0,(anonymous_7)
FNDA:1,(anonymous_8)
FNDA:1,(anonymous_9)
FNDA:1,(anonymous_10)
FNDA:1,(anonymous_11)
FNDA:1,(anonymous_12)
FNDA:1,(anonymous_13)
FNDA:1,(anonymous_14)
FNDA:0,(anonymous_15)
DA:13,1
DA:14,4
DA:15,4
DA:16,4
DA:20,4
DA:21,4
DA:23,1
DA:24,4
DA:25,4
DA:26,4
DA:27,4
DA:30,1
DA:31,4
DA:32,4
DA:34,1
DA:35,1
DA:37,0
DA:42,4
DA:43,4
DA:45,0
DA:46,0
DA:51,1
DA:53,0
DA:56,0
DA:59,1
DA:62,1
DA:63,1
DA:64,1
DA:65,1
DA:67,1
DA:68,1
DA:71,1
DA:72,1
DA:73,1
DA:75,1
DA:76,1
DA:77,1
DA:82,1
DA:84,0
DA:87,1
DA:90,0
DA:93,0
DA:97,1
DA:98,1
DA:99,1
DA:100,1
DA:101,1
DA:102,1
DA:103,1
DA:106,1
DA:108,0
DA:111,0
DA:112,0
DA:116,1
LF:54
LH:43
BRF:0
BRH:0
end_of_record
TN:
SF:/home/prashanth/IIMB/Avyantra/GITHUB/Avyantra_Codebase/01_Web_Portal/src/app/hospital-staff/hospital-staff.component.ts
FN:22,HospitalStaffComponent
FN:43,(anonymous_2)
FN:54,(anonymous_3)
FN:69,(anonymous_4)
FN:78,(anonymous_5)
FN:94,(anonymous_6)
FN:98,(anonymous_7)
FN:101,(anonymous_8)
FN:107,(anonymous_9)
FN:112,(anonymous_10)
FN:123,(anonymous_11)
FN:128,(anonymous_12)
FN:129,(anonymous_13)
FN:138,(anonymous_14)
FN:139,(anonymous_15)
FN:145,(anonymous_16)
FN:146,(anonymous_17)
FN:152,(anonymous_18)
FN:173,(anonymous_19)
FN:174,(anonymous_20)
FN:184,(anonymous_21)
FN:187,(anonymous_22)
FN:192,(anonymous_23)
FN:193,(anonymous_24)
FN:203,(anonymous_25)
FN:222,(anonymous_26)
FN:227,(anonymous_27)
FN:239,(anonymous_28)
FN:243,(anonymous_29)
FN:246,(anonymous_30)
FN:257,(anonymous_31)
FN:266,(anonymous_32)
FN:268,(anonymous_33)
FN:276,(anonymous_34)
FN:287,(anonymous_35)
FN:288,(anonymous_36)
FNF:36
FNH:25
FNDA:23,HospitalStaffComponent
FNDA:23,(anonymous_2)
FNDA:26,(anonymous_3)
FNDA:27,(anonymous_4)
FNDA:1,(anonymous_5)
FNDA:2,(anonymous_6)
FNDA:0,(anonymous_7)
FNDA:0,(anonymous_8)
FNDA:1,(anonymous_9)
FNDA:0,(anonymous_10)
FNDA:23,(anonymous_11)
FNDA:24,(anonymous_12)
FNDA:0,(anonymous_13)
FNDA:24,(anonymous_14)
FNDA:0,(anonymous_15)
FNDA:24,(anonymous_16)
FNDA:0,(anonymous_17)
FNDA:2,(anonymous_18)
FNDA:1,(anonymous_19)
FNDA:0,(anonymous_20)
FNDA:1,(anonymous_21)
FNDA:1,(anonymous_22)
FNDA:25,(anonymous_23)
FNDA:0,(anonymous_24)
FNDA:2,(anonymous_25)
FNDA:3,(anonymous_26)
FNDA:1,(anonymous_27)
FNDA:4,(anonymous_28)
FNDA:0,(anonymous_29)
FNDA:2,(anonymous_30)
FNDA:0,(anonymous_31)
FNDA:1,(anonymous_32)
FNDA:0,(anonymous_33)
FNDA:2,(anonymous_34)
FNDA:2,(anonymous_35)
FNDA:1,(anonymous_36)
DA:15,1
DA:19,23
DA:20,23
DA:21,23
DA:22,23
DA:23,23
DA:24,23
DA:25,23
DA:26,23
DA:29,23
DA:30,23
DA:31,23
DA:33,23
DA:35,23
DA:36,23
DA:38,23
DA:39,23
DA:40,23
DA:41,23
DA:42,23
DA:43,1
DA:44,23
DA:45,23
DA:46,23
DA:47,23
DA:48,23
DA:49,23
DA:50,23
DA:51,23
DA:52,23
DA:54,1
DA:55,26
DA:69,1
DA:70,27
DA:78,1
DA:79,1
DA:82,0
DA:84,0
DA:85,0
DA:86,0
DA:89,1
DA:90,1
DA:91,1
DA:94,1
DA:95,2
DA:96,2
DA:98,1
DA:99,0
DA:101,1
DA:102,0
DA:103,0
DA:104,0
DA:105,0
DA:107,1
DA:109,1
DA:111,0
DA:112,0
DA:114,0
DA:115,0
DA:116,0
DA:117,0
DA:119,0
DA:123,1
DA:124,23
DA:125,23
DA:126,23
DA:128,24
DA:129,24
DA:131,0
DA:133,0
DA:138,24
DA:139,24
DA:141,0
DA:145,24
DA:146,24
DA:148,0
DA:152,1
DA:154,0
DA:157,0
DA:160,0
DA:162,0
DA:163,0
DA:167,1
DA:170,1
DA:173,1
DA:174,1
DA:176,0
DA:179,0
DA:180,0
DA:184,1
DA:185,1
DA:187,1
DA:188,1
DA:189,1
DA:190,1
DA:192,25
DA:193,25
DA:195,0
DA:196,0
DA:198,0
DA:199,0
DA:203,1
DA:204,2
DA:205,2
DA:206,2
DA:207,2
DA:208,2
DA:222,3
DA:224,2
DA:226,1
DA:227,1
DA:229,1
DA:230,1
DA:231,1
DA:232,1
DA:233,1
DA:234,1
DA:236,0
DA:239,1
DA:240,4
DA:241,4
DA:242,4
DA:243,0
DA:244,4
DA:246,1
DA:247,2
DA:248,2
DA:249,2
DA:250,2
DA:251,2
DA:252,2
DA:253,2
DA:254,2
DA:255,2
DA:257,1
DA:258,0
DA:260,0
DA:263,0
DA:266,1
DA:267,1
DA:268,1
DA:270,0
DA:271,0
DA:272,0
DA:276,1
DA:278,1
DA:279,1
DA:282,1
DA:283,1
DA:287,2
DA:288,2
DA:290,1
DA:293,0
DA:297,1
LF:154
LH:113
BRDA:81,0,0,0
BRDA:81,0,1,0
BRDA:269,1,0,1
BRDA:269,1,1,1
BRF:4
BRH:2
end_of_record
TN:
SF:/home/prashanth/IIMB/Avyantra/GITHUB/Avyantra_Codebase/01_Web_Portal/src/app/login/login.component.ts
FN:25,LoginComponent
FN:36,(anonymous_2)
FN:57,(anonymous_6)
FN:60,(anonymous_7)
FN:66,(anonymous_8)
FN:76,(anonymous_9)
FN:101,(anonymous_10)
FN:108,(anonymous_11)
FN:113,(anonymous_12)
FN:118,(anonymous_13)
FN:123,(anonymous_14)
FN:135,(anonymous_15)
FNF:12
FNH:10
FNDA:11,LoginComponent
FNDA:11,(anonymous_2)
FNDA:0,(anonymous_6)
FNDA:0,(anonymous_7)
FNDA:11,(anonymous_8)
FNDA:3,(anonymous_9)
FNDA:5,(anonymous_10)
FNDA:1,(anonymous_11)
FNDA:1,(anonymous_12)
FNDA:1,(anonymous_13)
FNDA:6,(anonymous_14)
FNDA:2,(anonymous_15)
DA:17,1
DA:19,11
DA:20,11
DA:21,11
DA:22,11
DA:23,11
DA:26,11
DA:27,11
DA:28,11
DA:29,11
DA:30,11
DA:31,11
DA:32,11
DA:36,1
DA:37,11
DA:39,11
DA:40,11
DA:45,11
DA:49,1
DA:50,2
DA:52,1
DA:54,1
DA:55,1
DA:56,1
DA:58,0
DA:61,0
DA:66,1
DA:68,0
DA:70,0
DA:76,1
DA:77,3
DA:79,2
DA:84,1
DA:85,1
DA:88,1
DA:90,2
DA:92,2
DA:93,2
DA:94,2
DA:96,1
DA:97,1
DA:101,1
DA:103,3
DA:105,2
DA:108,1
DA:109,1
DA:110,1
DA:113,1
DA:114,1
DA:115,1
DA:118,1
DA:119,1
DA:120,1
DA:123,1
DA:125,4
DA:128,1
DA:131,1
DA:135,1
DA:137,1
DA:138,1
DA:139,1
DA:141,1
DA:142,1
DA:143,1
DA:150,1
LF:65
LH:61
BRDA:83,0,0,2
BRDA:83,0,1,1
BRDA:87,1,0,2
BRDA:87,1,1,1
BRDA:102,2,0,5
BRDA:102,2,1,3
BRDA:124,3,0,6
BRDA:124,3,1,3
BRF:8
BRH:8
end_of_record
TN:
SF:/home/prashanth/IIMB/Avyantra/GITHUB/Avyantra_Codebase/01_Web_Portal/src/app/medical-records/medical-records.component.ts
FN:39,MedicalRecordsComponent
FN:43,(anonymous_2)
FN:52,(anonymous_3)
FN:71,(anonymous_4)
FN:92,(anonymous_5)
FN:108,(anonymous_6)
FN:113,(anonymous_7)
FN:121,(anonymous_8)
FN:125,(anonymous_9)
FN:136,(anonymous_10)
FN:141,(anonymous_11)
FN:156,(anonymous_12)
FN:171,(anonymous_13)
FN:176,(anonymous_14)
FN:180,(anonymous_15)
FN:181,(anonymous_16)
FN:191,(anonymous_17)
FN:197,(anonymous_18)
FN:201,(anonymous_19)
FN:202,(anonymous_20)
FN:212,(anonymous_21)
FN:213,(anonymous_22)
FN:219,(anonymous_23)
FN:227,(anonymous_24)
FNF:24
FNH:16
FNDA:16,MedicalRecordsComponent
FNDA:16,(anonymous_2)
FNDA:18,(anonymous_3)
FNDA:1,(anonymous_4)
FNDA:2,(anonymous_5)
FNDA:0,(anonymous_6)
FNDA:16,(anonymous_7)
FNDA:2,(anonymous_8)
FNDA:1,(anonymous_9)
FNDA:2,(anonymous_10)
FNDA:1,(anonymous_11)
FNDA:0,(anonymous_12)
FNDA:0,(anonymous_13)
FNDA:0,(anonymous_14)
FNDA:0,(anonymous_15)
FNDA:0,(anonymous_16)
FNDA:1,(anonymous_17)
FNDA:1,(anonymous_18)
FNDA:17,(anonymous_19)
FNDA:0,(anonymous_20)
FNDA:16,(anonymous_21)
FNDA:0,(anonymous_22)
FNDA:1,(anonymous_23)
FNDA:2,(anonymous_24)
DA:15,1
DA:19,16
DA:20,16
DA:26,16
DA:27,16
DA:28,16
DA:29,16
DA:31,16
DA:32,16
DA:33,16
DA:34,16
DA:36,16
DA:37,16
DA:38,16
DA:39,16
DA:40,16
DA:41,16
DA:43,1
DA:44,16
DA:45,16
DA:46,16
DA:47,16
DA:48,16
DA:49,16
DA:52,1
DA:53,18
DA:71,1
DA:72,1
DA:73,1
DA:74,1
DA:92,1
DA:95,0
DA:97,1
DA:98,1
DA:102,1
DA:103,1
DA:104,1
DA:108,1
DA:109,0
DA:110,0
DA:113,1
DA:114,16
DA:115,16
DA:116,16
DA:117,16
DA:118,16
DA:121,2
DA:123,1
DA:125,1
DA:127,0
DA:128,0
DA:129,0
DA:131,1
DA:136,2
DA:138,1
DA:141,1
DA:143,0
DA:144,0
DA:145,0
DA:146,0
DA:147,0
DA:148,0
DA:151,1
DA:156,1
DA:158,0
DA:161,0
DA:164,0
DA:167,0
DA:171,1
DA:172,0
DA:173,0
DA:176,1
DA:177,0
DA:180,1
DA:181,0
DA:183,0
DA:185,0
DA:186,0
DA:191,1
DA:192,1
DA:193,1
DA:194,1
DA:197,1
DA:198,1
DA:201,17
DA:202,17
DA:204,0
DA:205,0
DA:207,0
DA:208,0
DA:212,16
DA:213,16
DA:215,0
DA:219,1
DA:220,1
DA:221,1
DA:222,1
DA:223,1
DA:224,1
DA:227,1
DA:229,1
DA:230,1
DA:233,1
DA:234,1
DA:237,1
LF:105
LH:77
BRDA:94,0,0,1
BRDA:94,0,1,1
BRDA:118,1,0,0
BRDA:118,1,1,16
BRF:4
BRH:3
end_of_record
TN:
SF:/home/prashanth/IIMB/Avyantra/GITHUB/Avyantra_Codebase/01_Web_Portal/src/app/message-center/message-center.component.ts
FN:29,MessageCenterComponent
FN:33,(anonymous_2)
FN:38,(anonymous_3)
FN:43,(anonymous_4)
FN:75,(anonymous_5)
FN:104,(anonymous_6)
FN:137,(anonymous_7)
FN:138,(anonymous_8)
FN:147,(anonymous_9)
FN:159,(anonymous_10)
FN:160,(anonymous_11)
FN:169,(anonymous_12)
FN:170,(anonymous_13)
FN:179,(anonymous_14)
FN:182,(anonymous_15)
FN:195,(anonymous_16)
FN:197,(anonymous_17)
FN:211,(anonymous_18)
FN:223,(anonymous_19)
FN:226,(anonymous_20)
FN:227,(anonymous_21)
FN:236,(anonymous_22)
FN:238,(anonymous_23)
FN:250,(anonymous_24)
FN:251,(anonymous_25)
FN:259,(anonymous_26)
FN:260,(anonymous_27)
FN:269,(anonymous_28)
FN:270,(anonymous_29)
FN:278,(anonymous_30)
FN:282,(anonymous_31)
FN:288,(anonymous_32)
FN:289,(anonymous_33)
FN:298,(anonymous_34)
FN:300,(anonymous_35)
FNF:35
FNH:30
FNDA:21,MessageCenterComponent
FNDA:21,(anonymous_2)
FNDA:21,(anonymous_3)
FNDA:27,(anonymous_4)
FNDA:0,(anonymous_5)
FNDA:10,(anonymous_6)
FNDA:1,(anonymous_7)
FNDA:1,(anonymous_8)
FNDA:0,(anonymous_9)
FNDA:1,(anonymous_10)
FNDA:1,(anonymous_11)
FNDA:1,(anonymous_12)
FNDA:1,(anonymous_13)
FNDA:1,(anonymous_14)
FNDA:0,(anonymous_15)
FNDA:1,(anonymous_16)
FNDA:1,(anonymous_17)
FNDA:3,(anonymous_18)
FNDA:1,(anonymous_19)
FNDA:1,(anonymous_20)
FNDA:1,(anonymous_21)
FNDA:1,(anonymous_22)
FNDA:0,(anonymous_23)
FNDA:1,(anonymous_24)
FNDA:1,(anonymous_25)
FNDA:2,(anonymous_26)
FNDA:2,(anonymous_27)
FNDA:1,(anonymous_28)
FNDA:1,(anonymous_29)
FNDA:42,(anonymous_30)
FNDA:43,(anonymous_31)
FNDA:1,(anonymous_32)
FNDA:1,(anonymous_33)
FNDA:1,(anonymous_34)
FNDA:0,(anonymous_35)
DA:12,1
DA:13,21
DA:15,21
DA:18,21
DA:19,21
DA:22,21
DA:23,21
DA:24,21
DA:25,21
DA:27,21
DA:28,21
DA:29,21
DA:30,1
DA:31,1
DA:33,1
DA:34,21
DA:35,21
DA:36,21
DA:38,1
DA:39,21
DA:40,21
DA:43,1
DA:45,1
DA:46,1
DA:47,1
DA:48,1
DA:49,1
DA:52,1
DA:53,1
DA:54,1
DA:55,1
DA:56,1
DA:59,1
DA:60,1
DA:61,1
DA:62,1
DA:63,1
DA:64,1
DA:67,1
DA:68,1
DA:69,1
DA:70,1
DA:71,1
DA:75,1
DA:76,0
DA:77,0
DA:78,0
DA:79,0
DA:80,0
DA:82,0
DA:85,0
DA:88,0
DA:91,0
DA:94,0
DA:97,0
DA:100,0
DA:104,1
DA:106,1
DA:109,1
DA:112,1
DA:115,1
DA:118,1
DA:121,1
DA:124,1
DA:127,1
DA:130,1
DA:133,1
DA:137,1
DA:138,1
DA:140,0
DA:142,1
DA:147,1
DA:148,0
DA:149,0
DA:150,0
DA:151,0
DA:152,0
DA:153,0
DA:154,0
DA:155,0
DA:159,1
DA:160,1
DA:162,0
DA:164,1
DA:169,1
DA:170,1
DA:172,0
DA:174,1
DA:179,1
DA:181,0
DA:182,0
DA:184,0
DA:185,0
DA:186,0
DA:187,0
DA:189,0
DA:195,1
DA:196,1
DA:197,1
DA:199,0
DA:200,0
DA:202,0
DA:205,1
DA:206,1
DA:211,1
DA:213,3
DA:214,3
DA:217,0
DA:218,0
DA:220,0
DA:223,1
DA:224,1
DA:226,1
DA:227,1
DA:229,0
DA:231,1
DA:236,1
DA:238,1
DA:240,0
DA:242,0
DA:243,0
DA:247,0
DA:250,1
DA:251,1
DA:253,0
DA:255,1
DA:259,2
DA:260,2
DA:262,0
DA:263,0
DA:265,2
DA:269,1
DA:270,1
DA:272,0
DA:274,1
DA:278,1
DA:279,42
DA:282,1
DA:284,0
DA:286,43
DA:288,1
DA:289,1
DA:291,0
DA:293,1
DA:298,1
DA:299,1
DA:300,1
DA:302,0
DA:306,1
LF:149
LH:101
BRDA:81,0,0,0
BRDA:81,0,1,0
BRDA:84,1,0,0
BRDA:84,1,1,0
BRDA:87,2,0,0
BRDA:87,2,1,0
BRDA:87,2,2,0
BRDA:90,3,0,0
BRDA:90,3,1,0
BRDA:93,4,0,0
BRDA:93,4,1,0
BRF:11
BRH:0
end_of_record
TN:
SF:/home/prashanth/IIMB/Avyantra/GITHUB/Avyantra_Codebase/01_Web_Portal/src/app/my-profile/my-profile.component.ts
FN:25,MyProfileComponent
FN:30,(anonymous_2)
FN:36,(anonymous_3)
FN:54,(anonymous_4)
FN:71,(anonymous_5)
FN:77,(anonymous_6)
FN:78,(anonymous_7)
FN:88,(anonymous_8)
FN:92,(anonymous_9)
FN:105,(anonymous_10)
FN:109,(anonymous_11)
FN:118,(anonymous_12)
FNF:12
FNH:10
FNDA:10,MyProfileComponent
FNDA:10,(anonymous_2)
FNDA:10,(anonymous_3)
FNDA:0,(anonymous_4)
FNDA:10,(anonymous_5)
FNDA:11,(anonymous_6)
FNDA:0,(anonymous_7)
FNDA:3,(anonymous_8)
FNDA:2,(anonymous_9)
FNDA:1,(anonymous_10)
FNDA:2,(anonymous_11)
FNDA:2,(anonymous_12)
DA:14,1
DA:18,10
DA:19,10
DA:20,10
DA:21,10
DA:22,10
DA:23,10
DA:25,10
DA:26,10
DA:27,10
DA:28,10
DA:29,10
DA:30,1
DA:31,10
DA:32,10
DA:33,10
DA:36,1
DA:37,10
DA:54,1
DA:55,0
DA:56,0
DA:71,1
DA:72,10
DA:73,10
DA:77,11
DA:78,11
DA:80,0
DA:83,0
DA:88,3
DA:90,1
DA:92,2
DA:94,1
DA:95,1
DA:96,1
DA:99,1
DA:105,1
DA:106,1
DA:109,1
DA:111,1
DA:114,1
DA:118,1
DA:120,1
DA:121,1
DA:122,1
DA:124,1
DA:125,1
DA:126,1
DA:130,1
LF:48
LH:44
BRF:0
BRH:0
end_of_record
TN:
SF:/home/prashanth/IIMB/Avyantra/GITHUB/Avyantra_Codebase/01_Web_Portal/src/app/profile/branch-admin-profile/branch-admin-profile.component.ts
FN:27,BranchAdminProfileComponent
FN:29,(anonymous_2)
FN:35,(anonymous_3)
FN:52,(anonymous_4)
FN:58,(anonymous_5)
FN:59,(anonymous_6)
FN:66,(anonymous_7)
FN:68,(anonymous_8)
FN:78,(anonymous_9)
FN:87,(anonymous_10)
FN:103,(anonymous_11)
FN:107,(anonymous_12)
FNF:12
FNH:8
FNDA:10,BranchAdminProfileComponent
FNDA:10,(anonymous_2)
FNDA:10,(anonymous_3)
FNDA:10,(anonymous_4)
FNDA:10,(anonymous_5)
FNDA:0,(anonymous_6)
FNDA:0,(anonymous_7)
FNDA:0,(anonymous_8)
FNDA:0,(anonymous_9)
FNDA:2,(anonymous_10)
FNDA:1,(anonymous_11)
FNDA:3,(anonymous_12)
DA:12,1
DA:15,10
DA:16,10
DA:18,10
DA:19,10
DA:20,10
DA:21,10
DA:22,10
DA:23,10
DA:24,10
DA:25,10
DA:27,10
DA:29,1
DA:30,10
DA:31,10
DA:32,10
DA:35,1
DA:36,10
DA:52,1
DA:53,10
DA:54,10
DA:55,10
DA:58,10
DA:59,10
DA:61,0
DA:66,1
DA:68,0
DA:70,0
DA:71,0
DA:72,0
DA:78,1
DA:80,0
DA:83,0
DA:87,1
DA:88,2
DA:89,2
DA:103,1
DA:104,1
DA:107,1
DA:109,1
DA:110,1
DA:111,1
DA:113,2
DA:114,2
DA:115,2
DA:118,1
LF:46
LH:39
BRF:0
BRH:0
end_of_record
TN:
SF:/home/prashanth/IIMB/Avyantra/GITHUB/Avyantra_Codebase/01_Web_Portal/src/app/profile/referral-profile/referral-profile.component.ts
FN:32,ReferralProfileComponent
FN:36,(anonymous_2)
FN:42,(anonymous_3)
FN:58,(anonymous_4)
FN:87,(anonymous_5)
FN:94,(anonymous_6)
FN:95,(anonymous_7)
FN:104,(anonymous_8)
FN:108,(anonymous_9)
FN:120,(anonymous_10)
FN:124,(anonymous_11)
FN:133,(anonymous_12)
FN:146,(anonymous_13)
FNF:13
FNH:7
FNDA:11,ReferralProfileComponent
FNDA:11,(anonymous_2)
FNDA:11,(anonymous_3)
FNDA:1,(anonymous_4)
FNDA:11,(anonymous_5)
FNDA:11,(anonymous_6)
FNDA:0,(anonymous_7)
FNDA:0,(anonymous_8)
FNDA:0,(anonymous_9)
FNDA:1,(anonymous_10)
FNDA:0,(anonymous_11)
FNDA:0,(anonymous_12)
FNDA:0,(anonymous_13)
DA:14,1
DA:18,11
DA:19,11
DA:20,11
DA:21,11
DA:23,11
DA:24,11
DA:25,11
DA:26,11
DA:27,11
DA:28,11
DA:29,11
DA:30,11
DA:32,11
DA:33,11
DA:34,11
DA:36,1
DA:37,11
DA:38,11
DA:39,11
DA:42,1
DA:43,11
DA:58,1
DA:59,1
DA:61,0
DA:66,1
DA:70,1
DA:87,1
DA:88,11
DA:89,11
DA:90,11
DA:94,11
DA:95,11
DA:97,0
DA:99,0
DA:104,1
DA:106,0
DA:108,0
DA:110,0
DA:111,0
DA:112,0
DA:114,0
DA:120,1
DA:121,1
DA:124,1
DA:126,0
DA:129,0
DA:133,1
DA:135,0
DA:136,0
DA:137,0
DA:139,0
DA:140,0
DA:141,0
DA:146,1
DA:148,0
DA:150,0
DA:153,1
LF:58
LH:39
BRF:0
BRH:0
end_of_record
TN:
SF:/home/prashanth/IIMB/Avyantra/GITHUB/Avyantra_Codebase/01_Web_Portal/src/app/profile/staff-profile/staff-profile.component.ts
FN:28,StaffProfileComponent
FN:35,(anonymous_2)
FN:41,(anonymous_3)
FN:59,(anonymous_4)
FN:78,(anonymous_5)
FN:85,(anonymous_6)
FN:87,(anonymous_7)
FN:96,(anonymous_8)
FN:101,(anonymous_9)
FN:113,(anonymous_10)
FN:117,(anonymous_11)
FN:126,(anonymous_12)
FNF:12
FNH:10
FNDA:14,StaffProfileComponent
FNDA:14,(anonymous_2)
FNDA:15,(anonymous_3)
FNDA:0,(anonymous_4)
FNDA:14,(anonymous_5)
FNDA:14,(anonymous_6)
FNDA:0,(anonymous_7)
FNDA:1,(anonymous_8)
FNDA:1,(anonymous_9)
FNDA:1,(anonymous_10)
FNDA:2,(anonymous_11)
FNDA:2,(anonymous_12)
DA:14,1
DA:19,14
DA:20,14
DA:21,14
DA:22,14
DA:23,14
DA:24,14
DA:25,14
DA:26,14
DA:28,14
DA:29,14
DA:30,14
DA:32,14
DA:33,14
DA:35,1
DA:36,14
DA:37,14
DA:38,14
DA:41,1
DA:42,15
DA:59,1
DA:60,0
DA:61,0
DA:78,1
DA:79,14
DA:80,14
DA:81,14
DA:82,14
DA:85,14
DA:87,14
DA:89,0
DA:91,0
DA:96,1
DA:97,1
DA:99,0
DA:101,1
DA:103,0
DA:104,0
DA:105,0
DA:107,1
DA:113,1
DA:114,1
DA:117,1
DA:119,1
DA:122,1
DA:126,1
DA:128,1
DA:129,1
DA:130,1
DA:132,1
DA:133,1
DA:134,1
DA:138,1
LF:53
LH:45
BRF:0
BRH:0
end_of_record
TN:
SF:/home/prashanth/IIMB/Avyantra/GITHUB/Avyantra_Codebase/01_Web_Portal/src/app/referral-doctor-staff/referral-doctor-staff.component.ts
FN:33,ReferralDoctorStaffComponent
FN:35,(anonymous_2)
FN:44,(anonymous_3)
FN:52,(anonymous_4)
FN:66,(anonymous_5)
FN:71,(anonymous_6)
FN:76,(anonymous_7)
FN:80,(anonymous_8)
FN:84,(anonymous_9)
FN:91,(anonymous_10)
FN:92,(anonymous_11)
FN:99,(anonymous_12)
FN:104,(anonymous_13)
FN:117,(anonymous_14)
FN:118,(anonymous_15)
FN:128,(anonymous_16)
FN:138,(anonymous_17)
FN:146,(anonymous_18)
FN:147,(anonymous_19)
FN:158,(anonymous_20)
FN:179,(anonymous_21)
FN:189,(anonymous_22)
FN:190,(anonymous_23)
FN:201,(anonymous_24)
FN:202,(anonymous_25)
FN:212,(anonymous_26)
FN:214,(anonymous_27)
FN:222,(anonymous_28)
FN:237,(anonymous_29)
FN:246,(anonymous_30)
FN:250,(anonymous_31)
FNF:31
FNH:17
FNDA:19,ReferralDoctorStaffComponent
FNDA:19,(anonymous_2)
FNDA:19,(anonymous_3)
FNDA:19,(anonymous_4)
FNDA:0,(anonymous_5)
FNDA:0,(anonymous_6)
FNDA:0,(anonymous_7)
FNDA:0,(anonymous_8)
FNDA:19,(anonymous_9)
FNDA:19,(anonymous_10)
FNDA:0,(anonymous_11)
FNDA:0,(anonymous_12)
FNDA:0,(anonymous_13)
FNDA:1,(anonymous_14)
FNDA:0,(anonymous_15)
FNDA:2,(anonymous_16)
FNDA:2,(anonymous_17)
FNDA:19,(anonymous_18)
FNDA:0,(anonymous_19)
FNDA:1,(anonymous_20)
FNDA:0,(anonymous_21)
FNDA:1,(anonymous_22)
FNDA:0,(anonymous_23)
FNDA:0,(anonymous_24)
FNDA:0,(anonymous_25)
FNDA:1,(anonymous_26)
FNDA:1,(anonymous_27)
FNDA:5,(anonymous_28)
FNDA:1,(anonymous_29)
FNDA:0,(anonymous_30)
FNDA:4,(anonymous_31)
DA:17,1
DA:21,19
DA:24,19
DA:25,19
DA:26,19
DA:27,19
DA:30,19
DA:31,19
DA:32,19
DA:33,19
DA:35,1
DA:36,19
DA:37,19
DA:38,19
DA:39,19
DA:40,19
DA:41,19
DA:44,1
DA:46,0
DA:48,19
DA:52,1
DA:53,19
DA:66,1
DA:67,0
DA:68,0
DA:71,1
DA:72,0
DA:73,0
DA:76,1
DA:77,0
DA:80,1
DA:81,0
DA:84,1
DA:85,19
DA:86,19
DA:87,19
DA:88,19
DA:91,19
DA:92,19
DA:94,0
DA:99,1
DA:101,0
DA:103,0
DA:104,0
DA:106,0
DA:107,0
DA:108,0
DA:109,0
DA:111,0
DA:112,0
DA:117,1
DA:118,1
DA:120,0
DA:122,0
DA:123,0
DA:128,1
DA:129,2
DA:130,2
DA:132,1
DA:134,1
DA:138,1
DA:140,1
DA:142,1
DA:146,19
DA:147,19
DA:149,0
DA:150,0
DA:152,0
DA:153,0
DA:158,1
DA:160,0
DA:163,0
DA:166,0
DA:169,0
DA:172,0
DA:175,1
DA:179,1
DA:180,0
DA:182,0
DA:185,0
DA:189,1
DA:190,1
DA:192,0
DA:193,0
DA:195,0
DA:196,0
DA:201,1
DA:202,0
DA:204,0
DA:206,0
DA:207,0
DA:212,1
DA:213,1
DA:214,1
DA:216,1
DA:217,1
DA:218,1
DA:222,1
DA:224,1
DA:227,2
DA:230,1
DA:233,1
DA:237,1
DA:238,1
DA:239,1
DA:240,1
DA:241,1
DA:242,1
DA:243,1
DA:246,1
DA:250,1
DA:253,1
DA:256,1
DA:257,1
DA:262,1
DA:265,1
DA:266,1
DA:272,1
LF:118
LH:78
BRF:0
BRH:0
end_of_record
TN:
SF:/home/prashanth/IIMB/Avyantra/GITHUB/Avyantra_Codebase/01_Web_Portal/src/app/referral-signup/referral-signup.component.ts
FN:21,ReferralSignupComponent
FN:31,(anonymous_2)
FN:37,(anonymous_3)
FN:61,(anonymous_7)
FN:64,(anonymous_8)
FN:69,(anonymous_9)
FN:78,(anonymous_10)
FN:83,(anonymous_11)
FN:84,(anonymous_12)
FNF:9
FNH:7
FNDA:15,ReferralSignupComponent
FNDA:15,(anonymous_2)
FNDA:15,(anonymous_3)
FNDA:0,(anonymous_7)
FNDA:0,(anonymous_8)
FNDA:1,(anonymous_9)
FNDA:2,(anonymous_10)
FNDA:16,(anonymous_11)
FNDA:1,(anonymous_12)
DA:14,1
DA:16,15
DA:17,15
DA:18,15
DA:19,15
DA:22,15
DA:23,15
DA:24,15
DA:25,15
DA:26,15
DA:27,15
DA:28,15
DA:31,1
DA:32,15
DA:33,15
DA:34,15
DA:37,1
DA:38,15
DA:53,1
DA:54,1
DA:56,1
DA:57,1
DA:59,0
DA:60,0
DA:62,0
DA:65,0
DA:69,1
DA:71,1
DA:72,1
DA:73,1
DA:74,1
DA:78,1
DA:79,2
DA:80,2
DA:83,16
DA:84,16
DA:86,0
DA:89,1
DA:90,1
DA:95,1
LF:40
LH:35
BRF:0
BRH:0
end_of_record
TN:
SF:/home/prashanth/IIMB/Avyantra/GITHUB/Avyantra_Codebase/01_Web_Portal/src/app/resset-password/resset-password.component.ts
FN:23,RessetPasswordComponent
FN:31,(anonymous_2)
FN:32,(anonymous_3)
FN:40,(anonymous_4)
FN:47,(anonymous_5)
FN:58,(anonymous_6)
FN:65,(anonymous_7)
FN:71,(anonymous_8)
FNF:8
FNH:7
FNDA:4,RessetPasswordComponent
FNDA:4,(anonymous_2)
FNDA:4,(anonymous_3)
FNDA:4,(anonymous_4)
FNDA:8,(anonymous_5)
FNDA:1,(anonymous_6)
FNDA:1,(anonymous_7)
FNDA:0,(anonymous_8)
DA:14,1
DA:18,4
DA:19,4
DA:20,4
DA:21,4
DA:24,4
DA:25,4
DA:26,4
DA:27,4
DA:28,4
DA:31,4
DA:32,4
DA:33,4
DA:35,4
DA:36,4
DA:37,4
DA:40,1
DA:41,4
DA:47,1
DA:48,8
DA:54,0
DA:56,8
DA:58,1
DA:60,0
DA:61,0
DA:65,1
DA:67,1
DA:69,0
DA:70,0
DA:71,0
DA:73,0
DA:76,0
DA:81,1
LF:33
LH:25
BRDA:50,0,0,8
BRDA:50,0,1,0
BRDA:50,0,2,0
BRF:3
BRH:1
end_of_record
TN:
SF:/home/prashanth/IIMB/Avyantra/GITHUB/Avyantra_Codebase/01_Web_Portal/src/app/score-analysis/score-analysis.component.ts
FN:16,ScoreAnalysisComponent
FN:38,(anonymous_2)
FN:39,(anonymous_3)
FN:47,(anonymous_4)
FN:54,(anonymous_5)
FN:62,(anonymous_6)
FN:73,(anonymous_7)
FN:79,(anonymous_8)
FN:88,(anonymous_9)
FN:89,(anonymous_10)
FN:97,(anonymous_11)
FN:100,(anonymous_12)
FN:109,(anonymous_13)
FN:120,(anonymous_14)
FNF:14
FNH:11
FNDA:8,ScoreAnalysisComponent
FNDA:8,(anonymous_2)
FNDA:8,(anonymous_3)
FNDA:8,(anonymous_4)
FNDA:2,(anonymous_5)
FNDA:2,(anonymous_6)
FNDA:1,(anonymous_7)
FNDA:0,(anonymous_8)
FNDA:3,(anonymous_9)
FNDA:0,(anonymous_10)
FNDA:1,(anonymous_11)
FNDA:1,(anonymous_12)
FNDA:0,(anonymous_13)
FNDA:1,(anonymous_14)
DA:14,1
DA:16,8
DA:17,8
DA:19,8
DA:20,8
DA:21,8
DA:23,8
DA:24,8
DA:27,8
DA:28,8
DA:29,8
DA:33,8
DA:34,8
DA:35,8
DA:36,8
DA:37,8
DA:38,8
DA:39,8
DA:40,8
DA:41,8
DA:42,8
DA:44,8
DA:47,1
DA:48,8
DA:49,8
DA:50,8
DA:51,8
DA:54,1
DA:55,2
DA:56,2
DA:57,2
DA:58,2
DA:59,2
DA:62,1
DA:64,1
DA:65,1
DA:68,1
DA:69,1
DA:73,1
DA:74,1
DA:75,1
DA:76,1
DA:79,1
DA:81,0
DA:84,0
DA:88,3
DA:89,3
DA:91,0
DA:93,0
DA:97,1
DA:98,1
DA:100,1
DA:101,1
DA:102,1
DA:103,1
DA:105,1
DA:106,1
DA:108,0
DA:109,0
DA:111,0
DA:112,0
DA:115,0
DA:120,1
DA:121,1
DA:122,1
DA:123,1
DA:124,1
DA:126,0
DA:128,0
DA:131,0
DA:135,0
DA:139,1
DA:142,0
DA:146,1
LF:74
LH:60
BRDA:104,0,0,1
BRDA:104,0,1,0
BRF:2
BRH:1
end_of_record
TN:
SF:/home/prashanth/IIMB/Avyantra/GITHUB/Avyantra_Codebase/01_Web_Portal/src/app/settings/settings.component.ts
FN:21,SettingsComponent
FN:23,(anonymous_2)
FN:35,(anonymous_3)
FN:37,(anonymous_4)
FN:47,(anonymous_5)
FN:48,(anonymous_6)
FN:57,(anonymous_7)
FN:58,(anonymous_8)
FN:68,(anonymous_9)
FN:70,(anonymous_10)
FN:79,(anonymous_11)
FN:80,(anonymous_12)
FN:89,(anonymous_13)
FN:90,(anonymous_14)
FN:100,(anonymous_15)
FN:103,(anonymous_16)
FN:112,(anonymous_17)
FN:122,(anonymous_18)
FN:126,(anonymous_19)
FN:127,(anonymous_20)
FN:135,(anonymous_21)
FN:136,(anonymous_22)
FN:145,(anonymous_23)
FN:149,(anonymous_24)
FN:154,(anonymous_25)
FN:155,(anonymous_26)
FN:165,(anonymous_27)
FN:170,(anonymous_28)
FN:171,(anonymous_29)
FN:180,(anonymous_30)
FN:183,(anonymous_31)
FN:200,(anonymous_32)
FN:221,(anonymous_33)
FN:232,(anonymous_34)
FN:236,(anonymous_35)
FN:240,(anonymous_36)
FN:244,(anonymous_37)
FN:248,(anonymous_38)
FN:251,(anonymous_39)
FN:255,(anonymous_40)
FN:257,(anonymous_41)
FN:266,(anonymous_42)
FN:269,(anonymous_43)
FN:278,(anonymous_44)
FN:283,(anonymous_45)
FN:290,(anonymous_46)
FNF:46
FNH:34
FNDA:23,SettingsComponent
FNDA:24,(anonymous_2)
FNDA:0,(anonymous_3)
FNDA:0,(anonymous_4)
FNDA:24,(anonymous_5)
FNDA:0,(anonymous_6)
FNDA:0,(anonymous_7)
FNDA:0,(anonymous_8)
FNDA:0,(anonymous_9)
FNDA:0,(anonymous_10)
FNDA:25,(anonymous_11)
FNDA:0,(anonymous_12)
FNDA:1,(anonymous_13)
FNDA:1,(anonymous_14)
FNDA:2,(anonymous_15)
FNDA:1,(anonymous_16)
FNDA:0,(anonymous_17)
FNDA:1,(anonymous_18)
FNDA:1,(anonymous_19)
FNDA:1,(anonymous_20)
FNDA:1,(anonymous_21)
FNDA:1,(anonymous_22)
FNDA:1,(anonymous_23)
FNDA:1,(anonymous_24)
FNDA:25,(anonymous_25)
FNDA:0,(anonymous_26)
FNDA:23,(anonymous_27)
FNDA:23,(anonymous_28)
FNDA:0,(anonymous_29)
FNDA:1,(anonymous_30)
FNDA:3,(anonymous_31)
FNDA:12,(anonymous_32)
FNDA:0,(anonymous_33)
FNDA:1,(anonymous_34)
FNDA:1,(anonymous_35)
FNDA:1,(anonymous_36)
FNDA:1,(anonymous_37)
FNDA:1,(anonymous_38)
FNDA:1,(anonymous_39)
FNDA:1,(anonymous_40)
FNDA:1,(anonymous_41)
FNDA:1,(anonymous_42)
FNDA:1,(anonymous_43)
FNDA:1,(anonymous_44)
FNDA:1,(anonymous_45)
FNDA:1,(anonymous_46)
DA:13,1
DA:14,23
DA:15,23
DA:16,23
DA:17,23
DA:18,1
DA:19,1
DA:20,23
DA:21,23
DA:23,1
DA:24,24
DA:25,24
DA:26,24
DA:27,24
DA:28,24
DA:29,24
DA:30,24
DA:31,24
DA:32,24
DA:33,24
DA:35,1
DA:37,0
DA:39,0
DA:40,0
DA:41,0
DA:43,0
DA:45,0
DA:47,24
DA:48,24
DA:50,0
DA:52,0
DA:53,0
DA:57,1
DA:58,0
DA:60,0
DA:61,0
DA:62,0
DA:64,0
DA:68,1
DA:70,0
DA:72,0
DA:73,0
DA:74,0
DA:75,0
DA:76,0
DA:79,25
DA:80,25
DA:82,0
DA:84,0
DA:85,0
DA:89,1
DA:90,1
DA:92,1
DA:93,1
DA:94,1
DA:96,0
DA:100,1
DA:103,1
DA:106,0
DA:107,1
DA:108,0
DA:109,1
DA:112,1
DA:114,0
DA:115,0
DA:117,0
DA:118,0
DA:122,1
DA:123,1
DA:124,1
DA:126,1
DA:127,1
DA:129,1
DA:131,0
DA:135,1
DA:136,1
DA:138,1
DA:140,0
DA:141,0
DA:145,1
DA:146,1
DA:149,1
DA:150,1
DA:151,1
DA:152,1
DA:154,25
DA:155,25
DA:157,0
DA:158,0
DA:160,0
DA:161,0
DA:165,1
DA:166,23
DA:167,23
DA:168,23
DA:170,23
DA:171,23
DA:173,0
DA:176,0
DA:180,1
DA:181,1
DA:183,1
DA:184,3
DA:186,1
DA:187,1
DA:190,1
DA:191,1
DA:194,1
DA:195,1
DA:196,1
DA:197,1
DA:200,1
DA:201,1
DA:202,0
DA:204,1
DA:205,1
DA:207,1
DA:208,0
DA:210,2
DA:211,2
DA:213,2
DA:214,2
DA:215,1
DA:216,0
DA:218,2
DA:219,2
DA:221,1
DA:223,0
DA:226,0
DA:228,0
DA:229,0
DA:230,0
DA:232,1
DA:233,1
DA:236,1
DA:237,1
DA:240,1
DA:241,1
DA:244,1
DA:245,1
DA:248,1
DA:249,1
DA:251,1
DA:252,1
DA:255,1
DA:256,1
DA:257,1
DA:259,1
DA:260,1
DA:261,1
DA:262,1
DA:263,0
DA:266,1
DA:267,1
DA:268,1
DA:269,1
DA:271,1
DA:272,1
DA:273,1
DA:274,1
DA:275,0
DA:278,1
DA:279,1
DA:280,1
DA:283,1
DA:284,1
DA:285,1
DA:286,1
DA:287,1
DA:288,1
DA:290,1
DA:292,1
DA:295,0
DA:298,1
LF:174
LH:124
BRF:0
BRH:0
end_of_record
TN:
SF:/home/prashanth/IIMB/Avyantra/GITHUB/Avyantra_Codebase/01_Web_Portal/src/app/shared/constant/app-constant.ts
FN:3,AppConstant
FNF:1
FNH:1
FNDA:223,AppConstant
DA:6,1
DA:7,223
DA:8,223
DA:9,223
DA:10,223
DA:11,223
DA:12,223
DA:13,223
DA:14,223
DA:16,223
DA:17,223
DA:18,223
DA:19,223
DA:20,223
DA:21,223
DA:23,223
DA:24,223
DA:25,223
DA:26,223
DA:30,223
DA:31,223
DA:32,223
DA:33,223
DA:34,1
LF:24
LH:24
BRF:0
BRH:0
end_of_record
TN:
SF:/home/prashanth/IIMB/Avyantra/GITHUB/Avyantra_Codebase/01_Web_Portal/src/app/shared/core/util.ts
FN:4,Util
FN:9,(anonymous_2)
FN:13,(anonymous_3)
FNF:3
FNH:2
FNDA:23,Util
FNDA:2,(anonymous_2)
FNDA:0,(anonymous_3)
DA:5,1
DA:6,23
DA:7,23
DA:9,1
DA:10,2
DA:13,1
DA:14,0
DA:16,1
LF:8
LH:7
BRF:0
BRH:0
end_of_record
TN:
SF:/home/prashanth/IIMB/Avyantra/GITHUB/Avyantra_Codebase/01_Web_Portal/src/app/shared/core/components/footer/footer.component.ts
FN:10,FooterComponent
FN:12,(anonymous_2)
FNF:2
FNH:2
FNDA:1,FooterComponent
FNDA:1,(anonymous_2)
DA:8,1
DA:12,1
DA:15,1
LF:3
LH:3
BRF:0
BRH:0
end_of_record
TN:
SF:/home/prashanth/IIMB/Avyantra/GITHUB/Avyantra_Codebase/01_Web_Portal/src/app/shared/core/components/top-nav-bar/top-nav-bar.component.ts
FN:14,TopNavBarComponent
FN:23,(anonymous_2)
FN:38,(anonymous_3)
FN:50,(anonymous_4)
FN:60,(anonymous_5)
FN:76,(anonymous_6)
FN:80,(anonymous_7)
FN:95,(anonymous_8)
FNF:8
FNH:8
FNDA:6,TopNavBarComponent
FNDA:6,(anonymous_2)
FNDA:6,(anonymous_3)
FNDA:1,(anonymous_4)
FNDA:1,(anonymous_5)
FNDA:1,(anonymous_6)
FNDA:121,(anonymous_7)
FNDA:1,(anonymous_8)
DA:12,1
DA:14,6
DA:17,6
DA:19,6
DA:20,6
DA:21,6
DA:22,6
DA:23,1
DA:25,6
DA:27,0
DA:31,0
DA:34,6
DA:35,6
DA:38,1
DA:40,0
DA:43,0
DA:46,0
DA:50,1
DA:51,1
DA:52,1
DA:53,1
DA:54,1
DA:55,1
DA:56,1
DA:57,1
DA:60,1
DA:62,0
DA:65,0
DA:68,0
DA:71,0
DA:76,1
DA:77,1
DA:80,1
DA:82,0
DA:85,0
DA:88,0
DA:91,0
DA:95,1
DA:97,1
DA:99,0
DA:102,1
LF:41
LH:27
BRDA:30,0,0,6
BRDA:30,0,1,6
BRDA:30,0,2,6
BRDA:30,0,3,6
BRDA:39,1,0,6
BRDA:39,1,1,6
BRF:6
BRH:6
end_of_record
TN:
SF:/home/prashanth/IIMB/Avyantra/GITHUB/Avyantra_Codebase/01_Web_Portal/src/app/shared/guards/auth.guard.ts
FN:13,AuthGuard
FN:16,(anonymous_2)
FNF:2
FNH:2
FNDA:2,AuthGuard
FNDA:1,(anonymous_2)
DA:11,1
DA:14,2
DA:16,1
DA:19,1
DA:21,1
DA:24,0
DA:25,0
DA:28,1
LF:8
LH:6
BRF:0
BRH:0
end_of_record
TN:
SF:/home/prashanth/IIMB/Avyantra/GITHUB/Avyantra_Codebase/01_Web_Portal/src/app/shared/helper/app.helper.ts
FN:6,AppHelper
FN:12,(anonymous_2)
FN:25,(anonymous_3)
FN:46,(anonymous_4)
FN:58,(anonymous_5)
FN:85,(anonymous_6)
FN:88,(anonymous_7)
FNF:7
FNH:5
FNDA:226,AppHelper
FNDA:33,(anonymous_2)
FNDA:23,(anonymous_3)
FNDA:2,(anonymous_4)
FNDA:1,(anonymous_5)
FNDA:0,(anonymous_6)
FNDA:0,(anonymous_7)
DA:4,1
DA:6,226
DA:12,1
DA:14,33
DA:16,11
DA:18,22
DA:25,1
DA:26,23
DA:30,1
DA:33,1
DA:37,1
DA:46,1
DA:47,2
DA:49,1
DA:51,1
DA:58,1
DA:60,1
DA:61,1
DA:63,1
DA:64,1
DA:66,0
DA:69,1
DA:70,1
DA:71,1
DA:72,1
DA:73,1
DA:74,1
DA:75,1
DA:76,1
DA:77,1
DA:78,1
DA:85,1
DA:86,0
DA:87,0
DA:88,0
DA:89,0
DA:90,0
DA:91,0
DA:93,0
DA:99,1
LF:40
LH:32
BRDA:15,0,0,33
BRDA:15,0,1,12
BRDA:27,1,0,23
BRDA:27,1,1,3
BRDA:29,2,0,2
BRDA:29,2,1,2
BRDA:48,3,0,2
BRDA:48,3,1,2
BRDA:62,4,0,1
BRDA:62,4,1,1
BRDA:65,5,0,1
BRDA:65,5,1,0
BRF:12
BRH:11
end_of_record
TN:
SF:/home/prashanth/IIMB/Avyantra/GITHUB/Avyantra_Codebase/01_Web_Portal/src/app/shared/pipes/date-level.pipe.ts
FN:6,DateLevelPipe
FN:8,(anonymous_2)
FNF:2
FNH:2
FNDA:3,DateLevelPipe
FNDA:1,(anonymous_2)
DA:6,1
DA:8,1
DA:9,1
DA:10,1
DA:15,1
LF:5
LH:5
BRF:0
BRH:0
end_of_record
TN:
SF:/home/prashanth/IIMB/Avyantra/GITHUB/Avyantra_Codebase/01_Web_Portal/src/app/shared/pipes/empty-data.pipe.ts
FN:6,emptyDataPipe
FN:7,(anonymous_2)
FNF:2
FNH:2
FNDA:82,emptyDataPipe
FNDA:1,(anonymous_2)
DA:6,1
DA:7,1
DA:9,1
DA:11,0
DA:13,1
LF:5
LH:4
BRDA:8,0,0,1
BRDA:8,0,1,1
BRDA:8,0,2,0
BRF:3
BRH:2
end_of_record
TN:
SF:/home/prashanth/IIMB/Avyantra/GITHUB/Avyantra_Codebase/01_Web_Portal/src/app/shared/pipes/encrypt-password.pipe.ts
FN:6,passwordPipe
FN:7,(anonymous_2)
FNF:2
FNH:2
FNDA:47,passwordPipe
FNDA:2,(anonymous_2)
DA:6,1
DA:7,1
DA:8,2
DA:9,2
DA:11,1
LF:5
LH:5
BRF:0
BRH:0
end_of_record
TN:
SF:/home/prashanth/IIMB/Avyantra/GITHUB/Avyantra_Codebase/01_Web_Portal/src/app/shared/pipes/status.pipe.ts
FN:6,statusPipe
FN:7,(anonymous_2)
FNF:2
FNH:1
FNDA:39,statusPipe
FNDA:0,(anonymous_2)
DA:6,1
DA:7,1
DA:9,0
DA:12,0
DA:15,1
LF:5
LH:3
BRF:0
BRH:0
end_of_record
TN:
SF:/home/prashanth/IIMB/Avyantra/GITHUB/Avyantra_Codebase/01_Web_Portal/src/app/shared/pipes/user-type.pipe.ts
FN:7,userTypePipe
FN:8,(anonymous_2)
FNF:2
FNH:2
FNDA:20,userTypePipe
FNDA:6,(anonymous_2)
DA:6,1
DA:7,20
DA:8,1
DA:10,2
DA:13,2
DA:16,1
DA:19,1
LF:7
LH:7
BRF:0
BRH:0
end_of_record
TN:
SF:/home/prashanth/IIMB/Avyantra/GITHUB/Avyantra_Codebase/01_Web_Portal/src/app/shared/service/data.service.ts
FN:4,DataService
FN:15,(anonymous_2)
FN:19,(anonymous_3)
FN:23,(anonymous_4)
FN:27,(anonymous_5)
FN:31,(anonymous_6)
FNF:6
FNH:5
FNDA:296,DataService
FNDA:8,(anonymous_2)
FNDA:562,(anonymous_3)
FNDA:1,(anonymous_4)
FNDA:1,(anonymous_5)
FNDA:0,(anonymous_6)
DA:5,1
DA:7,296
DA:9,296
DA:10,296
DA:12,296
DA:13,296
DA:15,1
DA:16,8
DA:19,1
DA:20,562
DA:23,1
DA:24,1
DA:27,1
DA:28,1
DA:31,1
DA:32,0
DA:34,1
LF:17
LH:16
BRF:0
BRH:0
end_of_record
TN:
SF:/home/prashanth/IIMB/Avyantra/GITHUB/Avyantra_Codebase/01_Web_Portal/src/app/shared/service/login.service.ts
FN:13,LoginService
FN:17,(anonymous_2)
FN:21,(anonymous_3)
FN:25,(anonymous_4)
FN:29,(anonymous_5)
FN:33,(anonymous_6)
FN:43,(anonymous_7)
FNF:7
FNH:7
FNDA:49,LoginService
FNDA:2,(anonymous_2)
FNDA:1,(anonymous_3)
FNDA:1,(anonymous_4)
FNDA:1,(anonymous_5)
FNDA:1,(anonymous_6)
FNDA:6,(anonymous_7)
DA:10,1
DA:11,49
DA:12,49
DA:13,49
DA:17,1
DA:18,2
DA:21,1
DA:22,1
DA:25,1
DA:26,1
DA:29,1
DA:30,1
DA:33,1
DA:34,1
DA:35,1
DA:36,1
DA:43,12
DA:49,6
DA:51,1
LF:19
LH:19
BRDA:43,0,0,6
BRDA:43,0,1,0
BRF:2
BRH:1
end_of_record
TN:
SF:/home/prashanth/IIMB/Avyantra/GITHUB/Avyantra_Codebase/01_Web_Portal/src/app/shared/service/reading-data.service.ts
FN:34,ReadingDataService
FN:36,(anonymous_2)
FN:40,(anonymous_3)
FN:44,(anonymous_4)
FN:48,(anonymous_5)
FN:52,(anonymous_6)
FN:56,(anonymous_7)
FN:60,(anonymous_8)
FN:64,(anonymous_9)
FN:67,(anonymous_10)
FN:82,(anonymous_11)
FN:87,(anonymous_12)
FN:91,(anonymous_13)
FN:105,(anonymous_14)
FN:113,(anonymous_15)
FN:127,(anonymous_16)
FN:131,(anonymous_17)
FN:135,(anonymous_18)
FNF:18
FNH:13
FNDA:319,ReadingDataService
FNDA:207,(anonymous_2)
FNDA:17,(anonymous_3)
FNDA:2,(anonymous_4)
FNDA:0,(anonymous_5)
FNDA:9,(anonymous_6)
FNDA:12,(anonymous_7)
FNDA:11,(anonymous_8)
FNDA:3,(anonymous_9)
FNDA:1,(anonymous_10)
FNDA:892,(anonymous_11)
FNDA:5,(anonymous_12)
FNDA:1,(anonymous_13)
FNDA:1,(anonymous_14)
FNDA:0,(anonymous_15)
FNDA:0,(anonymous_16)
FNDA:0,(anonymous_17)
FNDA:0,(anonymous_18)
DA:8,1
DA:9,319
DA:10,319
DA:12,319
DA:13,319
DA:24,319
DA:25,319
DA:26,319
DA:28,319
DA:29,319
DA:31,319
DA:32,319
DA:36,1
DA:37,207
DA:40,1
DA:41,17
DA:44,1
DA:45,2
DA:48,1
DA:49,0
DA:52,1
DA:53,9
DA:56,1
DA:57,12
DA:60,1
DA:61,11
DA:64,1
DA:65,3
DA:67,1
DA:79,1
DA:82,1
DA:83,892
DA:87,1
DA:88,5
DA:91,1
DA:92,1
DA:105,1
DA:106,1
DA:107,1
DA:108,1
DA:113,1
DA:114,0
DA:127,1
DA:128,0
DA:131,1
DA:132,0
DA:135,1
DA:136,0
DA:139,1
LF:49
LH:44
BRF:0
BRH:0
end_of_record
TN:
SF:/home/prashanth/IIMB/Avyantra/GITHUB/Avyantra_Codebase/01_Web_Portal/src/app/shared/service/common/common.service.ts
FN:17,CommonService
FN:19,(anonymous_2)
FN:23,(anonymous_3)
FN:26,(anonymous_4)
FN:29,(anonymous_5)
FN:32,(anonymous_6)
FN:35,(anonymous_7)
FN:38,(anonymous_8)
FN:41,(anonymous_9)
FN:44,(anonymous_10)
FN:47,(anonymous_11)
FN:50,(anonymous_12)
FN:53,(anonymous_13)
FN:56,(anonymous_14)
FN:59,(anonymous_15)
FN:65,(anonymous_16)
FN:68,(anonymous_17)
FN:71,(anonymous_18)
FN:74,(anonymous_19)
FN:77,(anonymous_20)
FN:80,(anonymous_21)
FN:83,(anonymous_22)
FN:86,(anonymous_23)
FN:89,(anonymous_24)
FN:92,(anonymous_25)
FN:95,(anonymous_26)
FN:98,(anonymous_27)
FN:104,(anonymous_28)
FN:107,(anonymous_29)
FN:110,(anonymous_30)
FN:113,(anonymous_31)
FN:116,(anonymous_32)
FN:119,(anonymous_33)
FN:122,(anonymous_34)
FN:125,(anonymous_35)
FN:131,(anonymous_36)
FN:134,(anonymous_37)
FN:137,(anonymous_38)
FN:140,(anonymous_39)
FN:143,(anonymous_40)
FN:146,(anonymous_41)
FN:149,(anonymous_42)
FN:152,(anonymous_43)
FN:155,(anonymous_44)
FN:158,(anonymous_45)
FN:161,(anonymous_46)
FN:164,(anonymous_47)
FN:167,(anonymous_48)
FN:170,(anonymous_49)
FN:173,(anonymous_50)
FN:176,(anonymous_51)
FN:179,(anonymous_52)
FN:182,(anonymous_53)
FN:185,(anonymous_54)
FN:188,(anonymous_55)
FN:191,(anonymous_56)
FN:194,(anonymous_57)
FN:197,(anonymous_58)
FN:200,(anonymous_59)
FN:203,(anonymous_60)
FN:206,(anonymous_61)
FN:209,(anonymous_62)
FN:212,(anonymous_63)
FN:215,(anonymous_64)
FN:218,(anonymous_65)
FN:221,(anonymous_66)
FN:225,(anonymous_67)
FN:228,(anonymous_68)
FN:231,(anonymous_69)
FN:234,(anonymous_70)
FN:237,(anonymous_71)
FN:240,(anonymous_72)
FN:243,(anonymous_73)
FN:246,(anonymous_74)
FN:249,(anonymous_75)
FN:252,(anonymous_76)
FN:255,(anonymous_77)
FN:258,(anonymous_78)
FN:261,(anonymous_79)
FN:264,(anonymous_80)
FN:267,(anonymous_81)
FN:270,(anonymous_82)
FN:273,(anonymous_83)
FN:276,(anonymous_84)
FN:279,(anonymous_85)
FN:282,(anonymous_86)
FN:286,(anonymous_87)
FN:290,(anonymous_88)
FN:294,(anonymous_89)
FN:298,(anonymous_90)
FN:302,(anonymous_91)
FN:306,(anonymous_92)
FNF:92
FNH:30
FNDA:518,CommonService
FNDA:0,(anonymous_2)
FNDA:0,(anonymous_3)
FNDA:0,(anonymous_4)
FNDA:23,(anonymous_5)
FNDA:0,(anonymous_6)
FNDA:0,(anonymous_7)
FNDA:0,(anonymous_8)
FNDA:81,(anonymous_9)
FNDA:0,(anonymous_10)
FNDA:11,(anonymous_11)
FNDA:0,(anonymous_12)
FNDA:0,(anonymous_13)
FNDA:0,(anonymous_14)
FNDA:0,(anonymous_15)
FNDA:0,(anonymous_16)
FNDA:0,(anonymous_17)
FNDA:0,(anonymous_18)
FNDA:0,(anonymous_19)
FNDA:0,(anonymous_20)
FNDA:0,(anonymous_21)
FNDA:0,(anonymous_22)
FNDA:0,(anonymous_23)
FNDA:0,(anonymous_24)
FNDA:0,(anonymous_25)
FNDA:0,(anonymous_26)
FNDA:496,(anonymous_27)
FNDA:0,(anonymous_28)
FNDA:0,(anonymous_29)
FNDA:0,(anonymous_30)
FNDA:0,(anonymous_31)
FNDA:1,(anonymous_32)
FNDA:0,(anonymous_33)
FNDA:0,(anonymous_34)
FNDA:1,(anonymous_35)
FNDA:78,(anonymous_36)
FNDA:0,(anonymous_37)
FNDA:48,(anonymous_38)
FNDA:0,(anonymous_39)
FNDA:0,(anonymous_40)
FNDA:0,(anonymous_41)
FNDA:0,(anonymous_42)
FNDA:68,(anonymous_43)
FNDA:0,(anonymous_44)
FNDA:0,(anonymous_45)
FNDA:2,(anonymous_46)
FNDA:50,(anonymous_47)
FNDA:0,(anonymous_48)
FNDA:0,(anonymous_49)
FNDA:0,(anonymous_50)
FNDA:0,(anonymous_51)
FNDA:31,(anonymous_52)
FNDA:0,(anonymous_53)
FNDA:11,(anonymous_54)
FNDA:14,(anonymous_55)
FNDA:11,(anonymous_56)
FNDA:0,(anonymous_57)
FNDA:0,(anonymous_58)
FNDA:0,(anonymous_59)
FNDA:0,(anonymous_60)
FNDA:1,(anonymous_61)
FNDA:19,(anonymous_62)
FNDA:10,(anonymous_63)
FNDA:0,(anonymous_64)
FNDA:1,(anonymous_65)
FNDA:4,(anonymous_66)
FNDA:0,(anonymous_67)
FNDA:1,(anonymous_68)
FNDA:0,(anonymous_69)
FNDA:0,(anonymous_70)
FNDA:0,(anonymous_71)
FNDA:0,(anonymous_72)
FNDA:0,(anonymous_73)
FNDA:0,(anonymous_74)
FNDA:0,(anonymous_75)
FNDA:1,(anonymous_76)
FNDA:0,(anonymous_77)
FNDA:0,(anonymous_78)
FNDA:0,(anonymous_79)
FNDA:0,(anonymous_80)
FNDA:15,(anonymous_81)
FNDA:4,(anonymous_82)
FNDA:11,(anonymous_83)
FNDA:7,(anonymous_84)
FNDA:11,(anonymous_85)
FNDA:3,(anonymous_86)
FNDA:0,(anonymous_87)
FNDA:0,(anonymous_88)
FNDA:0,(anonymous_89)
FNDA:0,(anonymous_90)
FNDA:0,(anonymous_91)
FNDA:1,(anonymous_92)
DA:11,1
DA:12,518
DA:13,518
DA:14,518
DA:15,518
DA:17,518
DA:19,1
DA:20,0
DA:23,1
DA:24,0
DA:26,1
DA:27,0
DA:29,1
DA:30,23
DA:32,1
DA:33,0
DA:35,1
DA:36,0
DA:38,1
DA:39,0
DA:41,1
DA:42,81
DA:44,1
DA:45,0
DA:47,1
DA:48,11
DA:50,1
DA:51,0
DA:53,1
DA:54,0
DA:56,1
DA:57,0
DA:59,1
DA:60,0
DA:65,1
DA:66,0
DA:68,1
DA:69,0
DA:71,1
DA:72,0
DA:74,1
DA:75,0
DA:77,1
DA:78,0
DA:80,1
DA:81,0
DA:83,1
DA:84,0
DA:86,1
DA:87,0
DA:89,1
DA:90,0
DA:92,1
DA:93,0
DA:95,1
DA:96,0
DA:98,992
DA:102,496
DA:104,1
DA:105,0
DA:107,1
DA:108,0
DA:110,1
DA:111,0
DA:113,1
DA:114,0
DA:116,1
DA:117,1
DA:119,1
DA:120,0
DA:122,1
DA:123,0
DA:125,1
DA:126,1
DA:131,1
DA:132,78
DA:134,1
DA:135,0
DA:137,1
DA:138,48
DA:140,1
DA:141,0
DA:143,1
DA:144,0
DA:146,1
DA:147,0
DA:149,1
DA:150,0
DA:152,1
DA:153,68
DA:155,1
DA:156,0
DA:158,1
DA:159,0
DA:161,1
DA:162,2
DA:164,1
DA:165,50
DA:167,1
DA:168,0
DA:170,1
DA:171,0
DA:173,1
DA:174,0
DA:176,1
DA:177,0
DA:179,1
DA:180,31
DA:182,1
DA:183,0
DA:185,1
DA:186,11
DA:188,1
DA:189,14
DA:191,1
DA:192,11
DA:194,1
DA:195,0
DA:197,1
DA:198,0
DA:200,1
DA:201,0
DA:203,1
DA:204,0
DA:206,1
DA:207,1
DA:209,1
DA:210,19
DA:212,1
DA:213,10
DA:215,1
DA:216,0
DA:218,1
DA:219,1
DA:221,1
DA:222,4
DA:225,1
DA:226,0
DA:228,1
DA:229,1
DA:231,1
DA:232,0
DA:234,1
DA:235,0
DA:237,1
DA:238,0
DA:240,1
DA:241,0
DA:243,1
DA:244,0
DA:246,1
DA:247,0
DA:249,1
DA:250,0
DA:252,1
DA:253,1
DA:255,1
DA:256,0
DA:258,1
DA:259,0
DA:261,1
DA:262,0
DA:264,1
DA:265,0
DA:267,1
DA:268,15
DA:270,1
DA:271,4
DA:273,1
DA:274,11
DA:276,1
DA:277,7
DA:279,1
DA:280,11
DA:282,1
DA:283,3
DA:286,1
DA:287,0
DA:290,1
DA:291,0
DA:294,1
DA:295,0
DA:298,1
DA:299,0
DA:302,1
DA:303,0
DA:306,1
DA:307,1
DA:309,1
LF:189
LH:127
BRDA:35,0,0,0
BRDA:35,0,1,0
BRDA:65,1,0,0
BRDA:65,1,1,0
BRDA:98,2,0,496
BRDA:98,2,1,0
BRF:6
BRH:1
end_of_record
TN:
SF:/home/prashanth/IIMB/Avyantra/GITHUB/Avyantra_Codebase/01_Web_Portal/src/app/shared/service/common/common.ts
FN:4,Common
FN:8,(anonymous_2)
FN:11,(anonymous_3)
FN:15,(anonymous_4)
FNF:4
FNH:2
FNDA:361,Common
FNDA:0,(anonymous_2)
FNDA:64,(anonymous_3)
FNDA:0,(anonymous_4)
DA:5,1
DA:6,361
DA:8,1
DA:9,0
DA:11,1
DA:12,64
DA:15,1
DA:16,0
DA:18,1
LF:9
LH:7
BRF:0
BRH:0
end_of_record
TN:
SF:/home/prashanth/IIMB/Avyantra/GITHUB/Avyantra_Codebase/01_Web_Portal/src/app/signup/signup.component.ts
FN:23,SignupComponent
FN:31,(anonymous_2)
FN:54,(anonymous_6)
FN:57,(anonymous_7)
FN:69,(anonymous_8)
FN:92,(anonymous_9)
FN:104,(anonymous_10)
FN:120,(anonymous_11)
FN:133,(anonymous_12)
FN:142,(anonymous_13)
FN:154,(anonymous_14)
FNF:11
FNH:9
FNDA:8,SignupComponent
FNDA:8,(anonymous_2)
FNDA:0,(anonymous_6)
FNDA:0,(anonymous_7)
FNDA:1,(anonymous_8)
FNDA:1,(anonymous_9)
FNDA:4,(anonymous_10)
FNDA:3,(anonymous_11)
FNDA:1,(anonymous_12)
FNDA:16,(anonymous_13)
FNDA:1,(anonymous_14)
DA:13,1
DA:15,8
DA:16,8
DA:17,8
DA:18,8
DA:20,8
DA:21,8
DA:24,8
DA:25,8
DA:26,8
DA:27,8
DA:28,8
DA:31,1
DA:32,8
DA:33,8
DA:46,1
DA:47,1
DA:49,1
DA:52,0
DA:53,0
DA:55,0
DA:58,0
DA:69,1
DA:70,1
DA:73,0
DA:74,0
DA:77,0
DA:79,1
DA:92,1
DA:93,1
DA:95,1
DA:104,1
DA:105,4
DA:110,1
DA:112,3
DA:120,1
DA:121,3
DA:126,1
DA:128,2
DA:133,1
DA:134,1
DA:136,0
DA:138,1
DA:142,1
DA:143,16
DA:149,0
DA:151,16
DA:154,1
DA:155,1
DA:156,1
DA:158,1
LF:51
LH:42
BRDA:107,0,0,4
BRDA:107,0,1,2
BRDA:123,1,0,3
BRDA:123,1,1,1
BRDA:145,2,0,16
BRDA:145,2,1,0
BRDA:145,2,2,0
BRF:7
BRH:5
end_of_record
TN:
SF:/home/prashanth/IIMB/Avyantra/GITHUB/Avyantra_Codebase/01_Web_Portal/src/app/user-dashboards/hospital-admin/hospital-admin.component.ts
FN:18,HospitalAdminComponent
FN:20,(anonymous_2)
FNF:2
FNH:2
FNDA:1,HospitalAdminComponent
FNDA:1,(anonymous_2)
DA:11,1
DA:12,1
DA:16,1
DA:17,1
DA:18,1
DA:20,1
DA:21,1
DA:26,1
LF:8
LH:8
BRF:0
BRH:0
end_of_record
TN:
SF:/home/prashanth/IIMB/Avyantra/GITHUB/Avyantra_Codebase/01_Web_Portal/src/app/user-dashboards/hospital-admin/hospital-admin-info/hospital-admin-info.component.ts
FN:16,HospitalAdminInfoComponent
FN:18,(anonymous_2)
FN:24,(anonymous_3)
FN:25,(anonymous_4)
FN:35,(anonymous_5)
FN:42,(anonymous_6)
FN:51,(anonymous_7)
FN:52,(anonymous_8)
FNF:8
FNH:7
FNDA:3,HospitalAdminInfoComponent
FNDA:3,(anonymous_2)
FNDA:3,(anonymous_3)
FNDA:0,(anonymous_4)
FNDA:3,(anonymous_5)
FNDA:1,(anonymous_6)
FNDA:5,(anonymous_7)
FNDA:1,(anonymous_8)
DA:11,1
DA:13,3
DA:15,3
DA:16,3
DA:17,3
DA:18,1
DA:19,3
DA:20,3
DA:21,3
DA:24,3
DA:25,3
DA:27,0
DA:30,0
DA:35,1
DA:36,3
DA:37,3
DA:38,3
DA:39,3
DA:42,1
DA:43,1
DA:44,1
DA:45,1
DA:46,1
DA:47,1
DA:51,5
DA:52,5
DA:54,0
DA:55,0
DA:59,1
DA:60,1
DA:61,1
DA:65,1
LF:32
LH:28
BRF:0
BRH:0
end_of_record
TN:
SF:/home/prashanth/IIMB/Avyantra/GITHUB/Avyantra_Codebase/01_Web_Portal/src/app/user-dashboards/hospital-staff-dashboard/hospital-staff-dashboard.component.ts
FN:30,HospitalStaffDashboardComponent
FN:34,(anonymous_2)
FN:43,(anonymous_3)
FN:50,(anonymous_4)
FN:51,(anonymous_5)
FN:62,(anonymous_6)
FN:63,(anonymous_7)
FN:73,(anonymous_8)
FN:79,(anonymous_9)
FN:83,(anonymous_10)
FN:99,(anonymous_11)
FN:106,(anonymous_12)
FN:116,(anonymous_13)
FN:117,(anonymous_14)
FN:123,(anonymous_15)
FN:133,(anonymous_16)
FN:143,(anonymous_17)
FN:144,(anonymous_18)
FN:155,(anonymous_19)
FN:156,(anonymous_20)
FN:167,(anonymous_21)
FN:171,(anonymous_22)
FN:180,(anonymous_23)
FN:185,(anonymous_24)
FN:192,(anonymous_25)
FN:193,(anonymous_26)
FNF:26
FNH:20
FNDA:11,HospitalStaffDashboardComponent
FNDA:11,(anonymous_2)
FNDA:11,(anonymous_3)
FNDA:15,(anonymous_4)
FNDA:1,(anonymous_5)
FNDA:1,(anonymous_6)
FNDA:1,(anonymous_7)
FNDA:1,(anonymous_8)
FNDA:1,(anonymous_9)
FNDA:0,(anonymous_10)
FNDA:1,(anonymous_11)
FNDA:1,(anonymous_12)
FNDA:1,(anonymous_13)
FNDA:0,(anonymous_14)
FNDA:0,(anonymous_15)
FNDA:2,(anonymous_16)
FNDA:11,(anonymous_17)
FNDA:0,(anonymous_18)
FNDA:11,(anonymous_19)
FNDA:0,(anonymous_20)
FNDA:1,(anonymous_21)
FNDA:0,(anonymous_22)
FNDA:1,(anonymous_23)
FNDA:1,(anonymous_24)
FNDA:2,(anonymous_25)
FNDA:1,(anonymous_26)
DA:15,1
DA:18,11
DA:19,11
DA:21,11
DA:23,11
DA:24,11
DA:25,11
DA:26,11
DA:30,11
DA:31,11
DA:32,11
DA:34,1
DA:35,11
DA:36,11
DA:37,11
DA:38,11
DA:39,11
DA:40,11
DA:43,1
DA:44,11
DA:45,11
DA:46,11
DA:47,11
DA:50,15
DA:51,15
DA:53,0
DA:54,0
DA:56,1
DA:57,1
DA:62,1
DA:63,1
DA:65,0
DA:67,1
DA:68,1
DA:73,1
DA:74,1
DA:75,1
DA:76,1
DA:79,1
DA:80,1
DA:83,1
DA:86,0
DA:89,0
DA:92,0
DA:95,0
DA:99,1
DA:100,1
DA:101,1
DA:102,1
DA:103,1
DA:106,1
DA:108,1
DA:111,0
DA:116,1
DA:117,1
DA:119,0
DA:122,0
DA:123,0
DA:125,0
DA:126,0
DA:129,0
DA:133,1
DA:135,1
DA:136,1
DA:139,1
DA:140,1
DA:143,11
DA:144,11
DA:146,0
DA:150,0
DA:151,0
DA:155,11
DA:156,11
DA:158,0
DA:161,0
DA:162,0
DA:167,1
DA:168,1
DA:169,1
DA:170,1
DA:171,1
DA:173,1
DA:174,1
DA:177,1
DA:180,1
DA:181,1
DA:182,1
DA:185,1
DA:186,1
DA:187,1
DA:188,1
DA:189,1
DA:192,2
DA:193,2
DA:195,0
DA:197,1
DA:198,1
DA:206,1
LF:98
LH:77
BRF:0
BRH:0
end_of_record
TN:
SF:/home/prashanth/IIMB/Avyantra/GITHUB/Avyantra_Codebase/01_Web_Portal/src/app/user-dashboards/referral-doctor/referral-doctor.component.ts
FN:15,ReferralDoctorComponent
FN:20,(anonymous_2)
FN:26,(anonymous_3)
FN:32,(anonymous_4)
FN:36,(anonymous_5)
FN:37,(anonymous_6)
FN:47,(anonymous_7)
FN:52,(anonymous_8)
FN:56,(anonymous_9)
FN:64,(anonymous_10)
FN:75,(anonymous_11)
FN:79,(anonymous_12)
FN:88,(anonymous_13)
FN:89,(anonymous_14)
FNF:14
FNH:13
FNDA:7,ReferralDoctorComponent
FNDA:7,(anonymous_2)
FNDA:8,(anonymous_3)
FNDA:7,(anonymous_4)
FNDA:8,(anonymous_5)
FNDA:1,(anonymous_6)
FNDA:1,(anonymous_7)
FNDA:2,(anonymous_8)
FNDA:1,(anonymous_9)
FNDA:0,(anonymous_10)
FNDA:1,(anonymous_11)
FNDA:2,(anonymous_12)
FNDA:1,(anonymous_13)
FNDA:1,(anonymous_14)
DA:13,1
DA:15,7
DA:18,7
DA:20,1
DA:21,7
DA:22,7
DA:23,7
DA:24,7
DA:26,1
DA:27,8
DA:32,1
DA:33,7
DA:34,7
DA:36,8
DA:37,8
DA:39,0
DA:40,0
DA:43,1
DA:47,1
DA:48,1
DA:49,1
DA:52,1
DA:53,2
DA:54,2
DA:56,1
DA:58,1
DA:59,1
DA:62,0
DA:64,0
DA:66,0
DA:67,0
DA:68,0
DA:70,0
DA:75,1
DA:76,1
DA:79,1
DA:81,1
DA:84,1
DA:88,1
DA:89,1
DA:91,0
DA:92,0
DA:93,0
DA:95,1
DA:99,1
LF:45
LH:34
BRDA:61,0,0,0
BRDA:61,0,1,0
BRDA:61,0,2,0
BRF:3
BRH:0
end_of_record
TN:
SF:/home/prashanth/IIMB/Avyantra/GITHUB/Avyantra_Codebase/01_Web_Portal/src/environments/environment.ts
FNF:0
FNH:0
LF:0
LH:0
BRF:0
BRH:0
end_of_record
